Build started 7/26/2019 2:18:39 PM.
     1>Project "C:\Users\jacob.kostenick\Source\repos\GPU-Pro\GPU-Pro-2\04 Shadows\AVSM\avsm\avsm_dx11\AVSM.vcxproj" on node 2 (Build target(s)).
     1>InitializeBuildStatus:
         Touching "Debug\AVSM.tlog\unsuccessfulbuild".
       CustomBuild:
         Performing Custom Build Tools
         Microsoft (R) Direct3D Shader Compiler 9.29.952.3111
         Copyright (C) Microsoft Corporation 2002-2009. All rights reserved.
         
         compilation succeeded; see C:\Users\jacob.kostenick\Source\repos\GPU-Pro\GPU-Pro-2\04 Shadows\AVSM\avsm\avsm_dx11\ShaderObjs\CameraHairCapture4PS.fxo
         Microsoft (R) Direct3D Shader Compiler 9.29.952.3111
         Copyright (C) Microsoft Corporation 2002-2009. All rights reserved.
         
         compilation succeeded; see C:\Users\jacob.kostenick\Source\repos\GPU-Pro\GPU-Pro-2\04 Shadows\AVSM\avsm\avsm_dx11\ShaderObjs\CameraHairCapture8PS.fxo
         Microsoft (R) Direct3D Shader Compiler 9.29.952.3111
         Copyright (C) Microsoft Corporation 2002-2009. All rights reserved.
         
         compilation succeeded; see C:\Users\jacob.kostenick\Source\repos\GPU-Pro\GPU-Pro-2\04 Shadows\AVSM\avsm\avsm_dx11\ShaderObjs\CameraHairCapture12PS.fxo
         Microsoft (R) Direct3D Shader Compiler 9.29.952.3111
         Copyright (C) Microsoft Corporation 2002-2009. All rights reserved.
         
         compilation succeeded; see C:\Users\jacob.kostenick\Source\repos\GPU-Pro\GPU-Pro-2\04 Shadows\AVSM\avsm\avsm_dx11\ShaderObjs\CameraHairCapture16PS.fxo
         Performing Custom Build Tools
         Microsoft (R) Direct3D Shader Compiler 9.29.952.3111
         Copyright (C) Microsoft Corporation 2002-2009. All rights reserved.
         
         compilation succeeded; see C:\Users\jacob.kostenick\Source\repos\GPU-Pro\GPU-Pro-2\04 Shadows\AVSM\avsm\avsm_dx11\ShaderObjs\CameraHairRenderPS.fxo
       ClCompile:
         All outputs are up-to-date.
       Link:
         All outputs are up-to-date.
         AVSM.vcxproj -> C:\Users\jacob.kostenick\Source\repos\GPU-Pro\GPU-Pro-2\04 Shadows\AVSM\avsm\avsm_dx11\Debug\AVSM.exe
         AVSM.vcxproj -> Debug\CascadedShadowMaps11.pdb (Full PDB)
       FinalizeBuildStatus:
         Deleting file "Debug\AVSM.tlog\unsuccessfulbuild".
         Touching "Debug\AVSM.tlog\AVSM.lastbuildstate".
     1>Done Building Project "C:\Users\jacob.kostenick\Source\repos\GPU-Pro\GPU-Pro-2\04 Shadows\AVSM\avsm\avsm_dx11\AVSM.vcxproj" (Build target(s)).

Build succeeded.
    0 Warning(s)
    0 Error(s)

Time Elapsed 00:00:22.70
