cl : Command line warning D9035: option 'Gm' has been deprecated and will be removed in a future release
  XModelLoader.cpp
c:\program files (x86)\microsoft directx sdk (june 2010)\include\d3d9.h(37): fatal error C1083: Cannot open include file: 'stdlib.h': No such file or directory
  EffectRuntime.cpp
c:\users\jacob.kostenick\source\repos\gpu-pro-books-source-code\gpu-pro-4\04_shadows\01_real-time deep shadow maps\deepshadowmaps\core\effects11\pchfx.h(20): fatal error C1083: Cannot open include file: 'algorithm': No such file or directory
  EffectReflection.cpp
c:\users\jacob.kostenick\source\repos\gpu-pro-books-source-code\gpu-pro-4\04_shadows\01_real-time deep shadow maps\deepshadowmaps\core\effects11\pchfx.h(20): fatal error C1083: Cannot open include file: 'algorithm': No such file or directory
  EffectNonRuntime.cpp
c:\users\jacob.kostenick\source\repos\gpu-pro-books-source-code\gpu-pro-4\04_shadows\01_real-time deep shadow maps\deepshadowmaps\core\effects11\pchfx.h(20): fatal error C1083: Cannot open include file: 'algorithm': No such file or directory
  EffectLoad.cpp
c:\users\jacob.kostenick\source\repos\gpu-pro-books-source-code\gpu-pro-4\04_shadows\01_real-time deep shadow maps\deepshadowmaps\core\effects11\pchfx.h(20): fatal error C1083: Cannot open include file: 'algorithm': No such file or directory
  EffectAPI.cpp
c:\users\jacob.kostenick\source\repos\gpu-pro-books-source-code\gpu-pro-4\04_shadows\01_real-time deep shadow maps\deepshadowmaps\core\effects11\pchfx.h(20): fatal error C1083: Cannot open include file: 'algorithm': No such file or directory
  d3dxGlobal.cpp
c:\users\jacob.kostenick\source\repos\gpu-pro-books-source-code\gpu-pro-4\04_shadows\01_real-time deep shadow maps\deepshadowmaps\core\effects11\pchfx.h(20): fatal error C1083: Cannot open include file: 'algorithm': No such file or directory
  d3dx11dbg.cpp
c:\users\jacob.kostenick\source\repos\gpu-pro-books-source-code\gpu-pro-4\04_shadows\01_real-time deep shadow maps\deepshadowmaps\core\effects11\pchfx.h(20): fatal error C1083: Cannot open include file: 'algorithm': No such file or directory
  ICoreBase.cpp
c:\users\jacob.kostenick\source\repos\gpu-pro-books-source-code\gpu-pro-4\04_shadows\01_real-time deep shadow maps\deepshadowmaps\core\include\corelog.h(3): fatal error C1083: Cannot open include file: 'stdio.h': No such file or directory
  CoreVector3.cpp
c:\users\jacob.kostenick\source\repos\gpu-pro-books-source-code\gpu-pro-4\04_shadows\01_real-time deep shadow maps\deepshadowmaps\core\include\corelog.h(3): fatal error C1083: Cannot open include file: 'stdio.h': No such file or directory
  CoreUtils.cpp
c:\users\jacob.kostenick\source\repos\gpu-pro-books-source-code\gpu-pro-4\04_shadows\01_real-time deep shadow maps\deepshadowmaps\core\include\corelog.h(3): fatal error C1083: Cannot open include file: 'stdio.h': No such file or directory
  CoreTexture3D.cpp
c:\users\jacob.kostenick\source\repos\gpu-pro-books-source-code\gpu-pro-4\04_shadows\01_real-time deep shadow maps\deepshadowmaps\core\include\corelog.h(3): fatal error C1083: Cannot open include file: 'stdio.h': No such file or directory
  CoreTexture2D.cpp
c:\users\jacob.kostenick\source\repos\gpu-pro-books-source-code\gpu-pro-4\04_shadows\01_real-time deep shadow maps\deepshadowmaps\core\include\corelog.h(3): fatal error C1083: Cannot open include file: 'stdio.h': No such file or directory
  CoreTexture1D.cpp
c:\users\jacob.kostenick\source\repos\gpu-pro-books-source-code\gpu-pro-4\04_shadows\01_real-time deep shadow maps\deepshadowmaps\core\include\corelog.h(3): fatal error C1083: Cannot open include file: 'stdio.h': No such file or directory
  CoreQuaternion.cpp
c:\users\jacob.kostenick\source\repos\gpu-pro-books-source-code\gpu-pro-4\04_shadows\01_real-time deep shadow maps\deepshadowmaps\core\include\corematrix4x4.h(3): fatal error C1083: Cannot open include file: 'math.h': No such file or directory
  CorePlane.cpp
c:\users\jacob.kostenick\source\repos\gpu-pro-books-source-code\gpu-pro-4\04_shadows\01_real-time deep shadow maps\deepshadowmaps\core\include\corevector3.h(3): fatal error C1083: Cannot open include file: 'math.h': No such file or directory
  CoreMatrix4x4.cpp
c:\users\jacob.kostenick\source\repos\gpu-pro-books-source-code\gpu-pro-4\04_shadows\01_real-time deep shadow maps\deepshadowmaps\core\include\corelog.h(3): fatal error C1083: Cannot open include file: 'stdio.h': No such file or directory
  CoreLog.cpp
c:\users\jacob.kostenick\source\repos\gpu-pro-books-source-code\gpu-pro-4\04_shadows\01_real-time deep shadow maps\deepshadowmaps\core\include\corelog.h(3): fatal error C1083: Cannot open include file: 'stdio.h': No such file or directory
  CoreColor.cpp
c:\users\jacob.kostenick\source\repos\gpu-pro-books-source-code\gpu-pro-4\04_shadows\01_real-time deep shadow maps\deepshadowmaps\core\include\corelog.h(3): fatal error C1083: Cannot open include file: 'stdio.h': No such file or directory
  CoreCamera.cpp
c:\users\jacob.kostenick\source\repos\gpu-pro-books-source-code\gpu-pro-4\04_shadows\01_real-time deep shadow maps\deepshadowmaps\core\include\corelog.h(3): fatal error C1083: Cannot open include file: 'stdio.h': No such file or directory
  Generating Code...
  Compiling...
  Core.cpp
c:\users\jacob.kostenick\source\repos\gpu-pro-books-source-code\gpu-pro-4\04_shadows\01_real-time deep shadow maps\deepshadowmaps\core\include\corelog.h(3): fatal error C1083: Cannot open include file: 'stdio.h': No such file or directory
  Model.cpp
c:\users\jacob.kostenick\source\repos\gpu-pro-books-source-code\gpu-pro-4\04_shadows\01_real-time deep shadow maps\deepshadowmaps\core\include\corelog.h(3): fatal error C1083: Cannot open include file: 'stdio.h': No such file or directory
  MemoryLeakTracker.cpp
c:\users\jacob.kostenick\source\repos\gpu-pro-books-source-code\gpu-pro-4\04_shadows\01_real-time deep shadow maps\deepshadowmaps\include\memoryleaktracker.h(8): fatal error C1083: Cannot open include file: 'crtdbg.h': No such file or directory
  MainWindow.cpp
c:\users\jacob.kostenick\source\repos\gpu-pro-books-source-code\gpu-pro-4\04_shadows\01_real-time deep shadow maps\deepshadowmaps\core\include\corelog.h(3): fatal error C1083: Cannot open include file: 'stdio.h': No such file or directory
  Main.cpp
c:\users\jacob.kostenick\source\repos\gpu-pro-books-source-code\gpu-pro-4\04_shadows\01_real-time deep shadow maps\deepshadowmaps\core\include\corelog.h(3): fatal error C1083: Cannot open include file: 'stdio.h': No such file or directory
  IncludeHandler.cpp
c:\users\jacob.kostenick\source\repos\gpu-pro-books-source-code\gpu-pro-4\04_shadows\01_real-time deep shadow maps\deepshadowmaps\core\include\corelog.h(3): fatal error C1083: Cannot open include file: 'stdio.h': No such file or directory
  HairModelLoader.cpp
c:\users\jacob.kostenick\source\repos\gpu-pro-books-source-code\gpu-pro-4\04_shadows\01_real-time deep shadow maps\deepshadowmaps\core\include\corelog.h(3): fatal error C1083: Cannot open include file: 'stdio.h': No such file or directory
  Effects.cpp
c:\users\jacob.kostenick\source\repos\gpu-pro-books-source-code\gpu-pro-4\04_shadows\01_real-time deep shadow maps\deepshadowmaps\include\effects.h(3): fatal error C1083: Cannot open include file: 'string': No such file or directory
  DeepShadowMap.cpp
c:\users\jacob.kostenick\source\repos\gpu-pro-books-source-code\gpu-pro-4\04_shadows\01_real-time deep shadow maps\deepshadowmaps\core\include\corelog.h(3): fatal error C1083: Cannot open include file: 'stdio.h': No such file or directory
  SDKmisc.cpp
c:\users\jacob.kostenick\source\repos\gpu-pro-books-source-code\gpu-pro-4\04_shadows\01_real-time deep shadow maps\deepshadowmaps\libs\dxut\dxut.h(63): fatal error C1083: Cannot open include file: 'windows.h': No such file or directory
  DXUTsettingsdlg.cpp
c:\users\jacob.kostenick\source\repos\gpu-pro-books-source-code\gpu-pro-4\04_shadows\01_real-time deep shadow maps\deepshadowmaps\libs\dxut\dxut.h(63): fatal error C1083: Cannot open include file: 'windows.h': No such file or directory
  DXUTres.cpp
c:\users\jacob.kostenick\source\repos\gpu-pro-books-source-code\gpu-pro-4\04_shadows\01_real-time deep shadow maps\deepshadowmaps\libs\dxut\dxut.h(63): fatal error C1083: Cannot open include file: 'windows.h': No such file or directory
  DXUTmisc.cpp
c:\users\jacob.kostenick\source\repos\gpu-pro-books-source-code\gpu-pro-4\04_shadows\01_real-time deep shadow maps\deepshadowmaps\libs\dxut\dxut.h(63): fatal error C1083: Cannot open include file: 'windows.h': No such file or directory
  DXUTgui.cpp
c:\users\jacob.kostenick\source\repos\gpu-pro-books-source-code\gpu-pro-4\04_shadows\01_real-time deep shadow maps\deepshadowmaps\libs\dxut\dxut.h(63): fatal error C1083: Cannot open include file: 'windows.h': No such file or directory
  DXUTDevice9.cpp
c:\users\jacob.kostenick\source\repos\gpu-pro-books-source-code\gpu-pro-4\04_shadows\01_real-time deep shadow maps\deepshadowmaps\libs\dxut\dxut.h(63): fatal error C1083: Cannot open include file: 'windows.h': No such file or directory
  DXUTDevice11.cpp
c:\users\jacob.kostenick\source\repos\gpu-pro-books-source-code\gpu-pro-4\04_shadows\01_real-time deep shadow maps\deepshadowmaps\libs\dxut\dxut.h(63): fatal error C1083: Cannot open include file: 'windows.h': No such file or directory
  DXUT.cpp
c:\users\jacob.kostenick\source\repos\gpu-pro-books-source-code\gpu-pro-4\04_shadows\01_real-time deep shadow maps\deepshadowmaps\libs\dxut\dxut.h(63): fatal error C1083: Cannot open include file: 'windows.h': No such file or directory
  Generating Code...
