cl : Command line warning D9035: option 'Gm' has been deprecated and will be removed in a future release
  d3dxGlobal.cpp
c:\program files (x86)\microsoft directx sdk (june 2010)\include\dxgitype.h(12): warning C4005: 'DXGI_STATUS_OCCLUDED': macro redefinition
  c:\program files (x86)\windows kits\10\include\10.0.17763.0\shared\winerror.h(55460): note: see previous definition of 'DXGI_STATUS_OCCLUDED'
c:\program files (x86)\microsoft directx sdk (june 2010)\include\dxgitype.h(13): warning C4005: 'DXGI_STATUS_CLIPPED': macro redefinition
  c:\program files (x86)\windows kits\10\include\10.0.17763.0\shared\winerror.h(55469): note: see previous definition of 'DXGI_STATUS_CLIPPED'
c:\program files (x86)\microsoft directx sdk (june 2010)\include\dxgitype.h(14): warning C4005: 'DXGI_STATUS_NO_REDIRECTION': macro redefinition
  c:\program files (x86)\windows kits\10\include\10.0.17763.0\shared\winerror.h(55478): note: see previous definition of 'DXGI_STATUS_NO_REDIRECTION'
c:\program files (x86)\microsoft directx sdk (june 2010)\include\dxgitype.h(15): warning C4005: 'DXGI_STATUS_NO_DESKTOP_ACCESS': macro redefinition
  c:\program files (x86)\windows kits\10\include\10.0.17763.0\shared\winerror.h(55487): note: see previous definition of 'DXGI_STATUS_NO_DESKTOP_ACCESS'
c:\program files (x86)\microsoft directx sdk (june 2010)\include\dxgitype.h(16): warning C4005: 'DXGI_STATUS_GRAPHICS_VIDPN_SOURCE_IN_USE': macro redefinition
  c:\program files (x86)\windows kits\10\include\10.0.17763.0\shared\winerror.h(55496): note: see previous definition of 'DXGI_STATUS_GRAPHICS_VIDPN_SOURCE_IN_USE'
c:\program files (x86)\microsoft directx sdk (june 2010)\include\dxgitype.h(17): warning C4005: 'DXGI_STATUS_MODE_CHANGED': macro redefinition
  c:\program files (x86)\windows kits\10\include\10.0.17763.0\shared\winerror.h(55505): note: see previous definition of 'DXGI_STATUS_MODE_CHANGED'
c:\program files (x86)\microsoft directx sdk (june 2010)\include\dxgitype.h(18): warning C4005: 'DXGI_STATUS_MODE_CHANGE_IN_PROGRESS': macro redefinition
  c:\program files (x86)\windows kits\10\include\10.0.17763.0\shared\winerror.h(55514): note: see previous definition of 'DXGI_STATUS_MODE_CHANGE_IN_PROGRESS'
c:\program files (x86)\microsoft directx sdk (june 2010)\include\dxgitype.h(21): warning C4005: 'DXGI_ERROR_INVALID_CALL': macro redefinition
  c:\program files (x86)\windows kits\10\include\10.0.17763.0\shared\winerror.h(55529): note: see previous definition of 'DXGI_ERROR_INVALID_CALL'
c:\program files (x86)\microsoft directx sdk (june 2010)\include\dxgitype.h(22): warning C4005: 'DXGI_ERROR_NOT_FOUND': macro redefinition
  c:\program files (x86)\windows kits\10\include\10.0.17763.0\shared\winerror.h(55538): note: see previous definition of 'DXGI_ERROR_NOT_FOUND'
c:\program files (x86)\microsoft directx sdk (june 2010)\include\dxgitype.h(23): warning C4005: 'DXGI_ERROR_MORE_DATA': macro redefinition
  c:\program files (x86)\windows kits\10\include\10.0.17763.0\shared\winerror.h(55547): note: see previous definition of 'DXGI_ERROR_MORE_DATA'
c:\program files (x86)\microsoft directx sdk (june 2010)\include\dxgitype.h(24): warning C4005: 'DXGI_ERROR_UNSUPPORTED': macro redefinition
  c:\program files (x86)\windows kits\10\include\10.0.17763.0\shared\winerror.h(55556): note: see previous definition of 'DXGI_ERROR_UNSUPPORTED'
c:\program files (x86)\microsoft directx sdk (june 2010)\include\dxgitype.h(25): warning C4005: 'DXGI_ERROR_DEVICE_REMOVED': macro redefinition
  c:\program files (x86)\windows kits\10\include\10.0.17763.0\shared\winerror.h(55565): note: see previous definition of 'DXGI_ERROR_DEVICE_REMOVED'
c:\program files (x86)\microsoft directx sdk (june 2010)\include\dxgitype.h(26): warning C4005: 'DXGI_ERROR_DEVICE_HUNG': macro redefinition
  c:\program files (x86)\windows kits\10\include\10.0.17763.0\shared\winerror.h(55574): note: see previous definition of 'DXGI_ERROR_DEVICE_HUNG'
c:\program files (x86)\microsoft directx sdk (june 2010)\include\dxgitype.h(27): warning C4005: 'DXGI_ERROR_DEVICE_RESET': macro redefinition
  c:\program files (x86)\windows kits\10\include\10.0.17763.0\shared\winerror.h(55584): note: see previous definition of 'DXGI_ERROR_DEVICE_RESET'
c:\program files (x86)\microsoft directx sdk (june 2010)\include\dxgitype.h(28): warning C4005: 'DXGI_ERROR_WAS_STILL_DRAWING': macro redefinition
  c:\program files (x86)\windows kits\10\include\10.0.17763.0\shared\winerror.h(55593): note: see previous definition of 'DXGI_ERROR_WAS_STILL_DRAWING'
c:\program files (x86)\microsoft directx sdk (june 2010)\include\dxgitype.h(29): warning C4005: 'DXGI_ERROR_FRAME_STATISTICS_DISJOINT': macro redefinition
  c:\program files (x86)\windows kits\10\include\10.0.17763.0\shared\winerror.h(55603): note: see previous definition of 'DXGI_ERROR_FRAME_STATISTICS_DISJOINT'
c:\program files (x86)\microsoft directx sdk (june 2010)\include\dxgitype.h(30): warning C4005: 'DXGI_ERROR_GRAPHICS_VIDPN_SOURCE_IN_USE': macro redefinition
  c:\program files (x86)\windows kits\10\include\10.0.17763.0\shared\winerror.h(55612): note: see previous definition of 'DXGI_ERROR_GRAPHICS_VIDPN_SOURCE_IN_USE'
c:\program files (x86)\microsoft directx sdk (june 2010)\include\dxgitype.h(31): warning C4005: 'DXGI_ERROR_DRIVER_INTERNAL_ERROR': macro redefinition
  c:\program files (x86)\windows kits\10\include\10.0.17763.0\shared\winerror.h(55622): note: see previous definition of 'DXGI_ERROR_DRIVER_INTERNAL_ERROR'
c:\program files (x86)\microsoft directx sdk (june 2010)\include\dxgitype.h(32): warning C4005: 'DXGI_ERROR_NONEXCLUSIVE': macro redefinition
  c:\program files (x86)\windows kits\10\include\10.0.17763.0\shared\winerror.h(55631): note: see previous definition of 'DXGI_ERROR_NONEXCLUSIVE'
c:\program files (x86)\microsoft directx sdk (june 2010)\include\dxgitype.h(33): warning C4005: 'DXGI_ERROR_NOT_CURRENTLY_AVAILABLE': macro redefinition
  c:\program files (x86)\windows kits\10\include\10.0.17763.0\shared\winerror.h(55640): note: see previous definition of 'DXGI_ERROR_NOT_CURRENTLY_AVAILABLE'
c:\program files (x86)\microsoft directx sdk (june 2010)\include\dxgitype.h(34): warning C4005: 'DXGI_ERROR_REMOTE_CLIENT_DISCONNECTED': macro redefinition
  c:\program files (x86)\windows kits\10\include\10.0.17763.0\shared\winerror.h(55650): note: see previous definition of 'DXGI_ERROR_REMOTE_CLIENT_DISCONNECTED'
c:\program files (x86)\microsoft directx sdk (june 2010)\include\dxgitype.h(35): warning C4005: 'DXGI_ERROR_REMOTE_OUTOFMEMORY': macro redefinition
  c:\program files (x86)\windows kits\10\include\10.0.17763.0\shared\winerror.h(55659): note: see previous definition of 'DXGI_ERROR_REMOTE_OUTOFMEMORY'
c:\program files (x86)\microsoft directx sdk (june 2010)\include\d3d11.h(917): warning C4005: 'D3D11_ERROR_TOO_MANY_UNIQUE_STATE_OBJECTS': macro redefinition
  c:\program files (x86)\windows kits\10\include\10.0.17763.0\shared\winerror.h(55923): note: see previous definition of 'D3D11_ERROR_TOO_MANY_UNIQUE_STATE_OBJECTS'
c:\program files (x86)\microsoft directx sdk (june 2010)\include\d3d11.h(918): warning C4005: 'D3D11_ERROR_FILE_NOT_FOUND': macro redefinition
  c:\program files (x86)\windows kits\10\include\10.0.17763.0\shared\winerror.h(55932): note: see previous definition of 'D3D11_ERROR_FILE_NOT_FOUND'
c:\program files (x86)\microsoft directx sdk (june 2010)\include\d3d11.h(919): warning C4005: 'D3D11_ERROR_TOO_MANY_UNIQUE_VIEW_OBJECTS': macro redefinition
  c:\program files (x86)\windows kits\10\include\10.0.17763.0\shared\winerror.h(55942): note: see previous definition of 'D3D11_ERROR_TOO_MANY_UNIQUE_VIEW_OBJECTS'
c:\program files (x86)\microsoft directx sdk (june 2010)\include\d3d11.h(920): warning C4005: 'D3D11_ERROR_DEFERRED_CONTEXT_MAP_WITHOUT_INITIAL_DISCARD': macro redefinition
  c:\program files (x86)\windows kits\10\include\10.0.17763.0\shared\winerror.h(55951): note: see previous definition of 'D3D11_ERROR_DEFERRED_CONTEXT_MAP_WITHOUT_INITIAL_DISCARD'
c:\program files (x86)\microsoft directx sdk (june 2010)\include\d3d10.h(608): warning C4005: 'D3D10_ERROR_TOO_MANY_UNIQUE_STATE_OBJECTS': macro redefinition
  c:\program files (x86)\windows kits\10\include\10.0.17763.0\shared\winerror.h(55899): note: see previous definition of 'D3D10_ERROR_TOO_MANY_UNIQUE_STATE_OBJECTS'
c:\program files (x86)\microsoft directx sdk (june 2010)\include\d3d10.h(609): warning C4005: 'D3D10_ERROR_FILE_NOT_FOUND': macro redefinition
  c:\program files (x86)\windows kits\10\include\10.0.17763.0\shared\winerror.h(55908): note: see previous definition of 'D3D10_ERROR_FILE_NOT_FOUND'
c:\program files (x86)\windows kits\10\include\10.0.17763.0\shared\dxgi1_2.h(1270): error C4430: missing type specifier - int assumed. Note: C++ does not support default-int
c:\program files (x86)\windows kits\10\include\10.0.17763.0\shared\dxgi1_2.h(1270): error C2143: syntax error: missing ',' before '*'
c:\program files (x86)\windows kits\10\include\10.0.17763.0\shared\dxgi1_2.h(1274): error C2061: syntax error: identifier 'DXGI_RGBA'
c:\program files (x86)\windows kits\10\include\10.0.17763.0\um\d3d11_1.h(2539): error C3646: 'BufferType': unknown override specifier
c:\program files (x86)\windows kits\10\include\10.0.17763.0\um\d3d11_1.h(2539): error C4430: missing type specifier - int assumed. Note: C++ does not support default-int
c:\program files (x86)\windows kits\10\include\10.0.17763.0\um\d3d11_1.h(2552): error C2143: syntax error: missing ';' before '*'
c:\program files (x86)\windows kits\10\include\10.0.17763.0\um\d3d11_1.h(2552): error C4430: missing type specifier - int assumed. Note: C++ does not support default-int
c:\program files (x86)\windows kits\10\include\10.0.17763.0\um\d3d11_1.h(2552): error C2238: unexpected token(s) preceding ';'
c:\program files (x86)\windows kits\10\include\10.0.17763.0\um\d3d11_1.h(2627): error C3646: 'ColorSpace': unknown override specifier
c:\program files (x86)\windows kits\10\include\10.0.17763.0\um\d3d11_1.h(2627): error C4430: missing type specifier - int assumed. Note: C++ does not support default-int
c:\program files (x86)\windows kits\10\include\10.0.17763.0\um\d3d11_1.h(2648): error C2504: 'ID3D11VideoContext': base class undefined
c:\program files (x86)\windows kits\10\include\10.0.17763.0\um\d3d11_1.h(2652): error C2061: syntax error: identifier 'ID3D11VideoDecoder'
c:\program files (x86)\windows kits\10\include\10.0.17763.0\um\d3d11_1.h(2660): error C2061: syntax error: identifier 'ID3D11CryptoSession'
c:\program files (x86)\windows kits\10\include\10.0.17763.0\um\d3d11_1.h(2670): error C2061: syntax error: identifier 'ID3D11CryptoSession'
c:\program files (x86)\windows kits\10\include\10.0.17763.0\um\d3d11_1.h(2676): error C2061: syntax error: identifier 'ID3D11VideoDecoder'
c:\program files (x86)\windows kits\10\include\10.0.17763.0\um\d3d11_1.h(2686): error C2061: syntax error: identifier 'ID3D11VideoDecoder'
c:\program files (x86)\windows kits\10\include\10.0.17763.0\um\d3d11_1.h(2692): error C2061: syntax error: identifier 'ID3D11VideoProcessor'
c:\program files (x86)\windows kits\10\include\10.0.17763.0\um\d3d11_1.h(2698): error C2061: syntax error: identifier 'ID3D11VideoProcessor'
c:\program files (x86)\windows kits\10\include\10.0.17763.0\um\d3d11_1.h(2704): error C2061: syntax error: identifier 'ID3D11VideoProcessor'
c:\program files (x86)\windows kits\10\include\10.0.17763.0\um\d3d11_1.h(2710): error C2061: syntax error: identifier 'ID3D11VideoProcessor'
c:\program files (x86)\windows kits\10\include\10.0.17763.0\um\d3d11_1.h(2716): error C2061: syntax error: identifier 'ID3D11VideoProcessor'
c:\program files (x86)\windows kits\10\include\10.0.17763.0\um\d3d11_1.h(2724): error C2061: syntax error: identifier 'ID3D11VideoProcessor'
c:\program files (x86)\windows kits\10\include\10.0.17763.0\um\d3d11_1.h(2736): error C2061: syntax error: identifier 'ID3D11VideoProcessor'
c:\program files (x86)\windows kits\10\include\10.0.17763.0\um\d3d11_1.h(2744): error C2061: syntax error: identifier 'ID3D11VideoProcessor'
c:\program files (x86)\windows kits\10\include\10.0.17763.0\um\d3d11_1.h(2756): error C2061: syntax error: identifier 'ID3D11VideoProcessor'
c:\program files (x86)\windows kits\10\include\10.0.17763.0\um\d3d11_1.h(3844): error C2504: 'ID3D11VideoDevice': base class undefined
c:\program files (x86)\windows kits\10\include\10.0.17763.0\um\d3d11_1.h(3876): error C4430: missing type specifier - int assumed. Note: C++ does not support default-int
c:\program files (x86)\windows kits\10\include\10.0.17763.0\um\d3d11_1.h(3876): error C2143: syntax error: missing ',' before '*'
c:\program files (x86)\windows kits\10\include\10.0.17763.0\um\d3d11_1.h(3892): error C4430: missing type specifier - int assumed. Note: C++ does not support default-int
c:\program files (x86)\windows kits\10\include\10.0.17763.0\um\d3d11_1.h(3892): error C2143: syntax error: missing ',' before '*'
c:\program files (x86)\windows kits\10\include\10.0.17763.0\um\d3d11_1.h(4239): error C2504: 'ID3D11VideoProcessorEnumerator': base class undefined
c:\program files (x86)\windows kits\10\include\10.0.17763.0\um\d3d11_1.h(4245): error C2061: syntax error: identifier 'DXGI_COLOR_SPACE_TYPE'
  d3dx11dbg.cpp
c1xx : fatal error C1083: Cannot open source file: 'Core\Effects11\d3dx11dbg.cpp': No such file or directory
  EffectRuntime.cpp
c:\program files (x86)\microsoft directx sdk (june 2010)\include\dxgitype.h(12): warning C4005: 'DXGI_STATUS_OCCLUDED': macro redefinition
  c:\program files (x86)\windows kits\10\include\10.0.17763.0\shared\winerror.h(55460): note: see previous definition of 'DXGI_STATUS_OCCLUDED'
c:\program files (x86)\microsoft directx sdk (june 2010)\include\dxgitype.h(13): warning C4005: 'DXGI_STATUS_CLIPPED': macro redefinition
  c:\program files (x86)\windows kits\10\include\10.0.17763.0\shared\winerror.h(55469): note: see previous definition of 'DXGI_STATUS_CLIPPED'
c:\program files (x86)\microsoft directx sdk (june 2010)\include\dxgitype.h(14): warning C4005: 'DXGI_STATUS_NO_REDIRECTION': macro redefinition
  c:\program files (x86)\windows kits\10\include\10.0.17763.0\shared\winerror.h(55478): note: see previous definition of 'DXGI_STATUS_NO_REDIRECTION'
c:\program files (x86)\microsoft directx sdk (june 2010)\include\dxgitype.h(15): warning C4005: 'DXGI_STATUS_NO_DESKTOP_ACCESS': macro redefinition
  c:\program files (x86)\windows kits\10\include\10.0.17763.0\shared\winerror.h(55487): note: see previous definition of 'DXGI_STATUS_NO_DESKTOP_ACCESS'
c:\program files (x86)\microsoft directx sdk (june 2010)\include\dxgitype.h(16): warning C4005: 'DXGI_STATUS_GRAPHICS_VIDPN_SOURCE_IN_USE': macro redefinition
  c:\program files (x86)\windows kits\10\include\10.0.17763.0\shared\winerror.h(55496): note: see previous definition of 'DXGI_STATUS_GRAPHICS_VIDPN_SOURCE_IN_USE'
c:\program files (x86)\microsoft directx sdk (june 2010)\include\dxgitype.h(17): warning C4005: 'DXGI_STATUS_MODE_CHANGED': macro redefinition
  c:\program files (x86)\windows kits\10\include\10.0.17763.0\shared\winerror.h(55505): note: see previous definition of 'DXGI_STATUS_MODE_CHANGED'
c:\program files (x86)\microsoft directx sdk (june 2010)\include\dxgitype.h(18): warning C4005: 'DXGI_STATUS_MODE_CHANGE_IN_PROGRESS': macro redefinition
  c:\program files (x86)\windows kits\10\include\10.0.17763.0\shared\winerror.h(55514): note: see previous definition of 'DXGI_STATUS_MODE_CHANGE_IN_PROGRESS'
c:\program files (x86)\microsoft directx sdk (june 2010)\include\dxgitype.h(21): warning C4005: 'DXGI_ERROR_INVALID_CALL': macro redefinition
  c:\program files (x86)\windows kits\10\include\10.0.17763.0\shared\winerror.h(55529): note: see previous definition of 'DXGI_ERROR_INVALID_CALL'
c:\program files (x86)\microsoft directx sdk (june 2010)\include\dxgitype.h(22): warning C4005: 'DXGI_ERROR_NOT_FOUND': macro redefinition
  c:\program files (x86)\windows kits\10\include\10.0.17763.0\shared\winerror.h(55538): note: see previous definition of 'DXGI_ERROR_NOT_FOUND'
c:\program files (x86)\microsoft directx sdk (june 2010)\include\dxgitype.h(23): warning C4005: 'DXGI_ERROR_MORE_DATA': macro redefinition
  c:\program files (x86)\windows kits\10\include\10.0.17763.0\shared\winerror.h(55547): note: see previous definition of 'DXGI_ERROR_MORE_DATA'
c:\program files (x86)\microsoft directx sdk (june 2010)\include\dxgitype.h(24): warning C4005: 'DXGI_ERROR_UNSUPPORTED': macro redefinition
  c:\program files (x86)\windows kits\10\include\10.0.17763.0\shared\winerror.h(55556): note: see previous definition of 'DXGI_ERROR_UNSUPPORTED'
c:\program files (x86)\microsoft directx sdk (june 2010)\include\dxgitype.h(25): warning C4005: 'DXGI_ERROR_DEVICE_REMOVED': macro redefinition
  c:\program files (x86)\windows kits\10\include\10.0.17763.0\shared\winerror.h(55565): note: see previous definition of 'DXGI_ERROR_DEVICE_REMOVED'
c:\program files (x86)\microsoft directx sdk (june 2010)\include\dxgitype.h(26): warning C4005: 'DXGI_ERROR_DEVICE_HUNG': macro redefinition
  c:\program files (x86)\windows kits\10\include\10.0.17763.0\shared\winerror.h(55574): note: see previous definition of 'DXGI_ERROR_DEVICE_HUNG'
c:\program files (x86)\microsoft directx sdk (june 2010)\include\dxgitype.h(27): warning C4005: 'DXGI_ERROR_DEVICE_RESET': macro redefinition
  c:\program files (x86)\windows kits\10\include\10.0.17763.0\shared\winerror.h(55584): note: see previous definition of 'DXGI_ERROR_DEVICE_RESET'
c:\program files (x86)\microsoft directx sdk (june 2010)\include\dxgitype.h(28): warning C4005: 'DXGI_ERROR_WAS_STILL_DRAWING': macro redefinition
  c:\program files (x86)\windows kits\10\include\10.0.17763.0\shared\winerror.h(55593): note: see previous definition of 'DXGI_ERROR_WAS_STILL_DRAWING'
c:\program files (x86)\microsoft directx sdk (june 2010)\include\dxgitype.h(29): warning C4005: 'DXGI_ERROR_FRAME_STATISTICS_DISJOINT': macro redefinition
  c:\program files (x86)\windows kits\10\include\10.0.17763.0\shared\winerror.h(55603): note: see previous definition of 'DXGI_ERROR_FRAME_STATISTICS_DISJOINT'
c:\program files (x86)\microsoft directx sdk (june 2010)\include\dxgitype.h(30): warning C4005: 'DXGI_ERROR_GRAPHICS_VIDPN_SOURCE_IN_USE': macro redefinition
  c:\program files (x86)\windows kits\10\include\10.0.17763.0\shared\winerror.h(55612): note: see previous definition of 'DXGI_ERROR_GRAPHICS_VIDPN_SOURCE_IN_USE'
c:\program files (x86)\microsoft directx sdk (june 2010)\include\dxgitype.h(31): warning C4005: 'DXGI_ERROR_DRIVER_INTERNAL_ERROR': macro redefinition
  c:\program files (x86)\windows kits\10\include\10.0.17763.0\shared\winerror.h(55622): note: see previous definition of 'DXGI_ERROR_DRIVER_INTERNAL_ERROR'
c:\program files (x86)\microsoft directx sdk (june 2010)\include\dxgitype.h(32): warning C4005: 'DXGI_ERROR_NONEXCLUSIVE': macro redefinition
  c:\program files (x86)\windows kits\10\include\10.0.17763.0\shared\winerror.h(55631): note: see previous definition of 'DXGI_ERROR_NONEXCLUSIVE'
c:\program files (x86)\microsoft directx sdk (june 2010)\include\dxgitype.h(33): warning C4005: 'DXGI_ERROR_NOT_CURRENTLY_AVAILABLE': macro redefinition
  c:\program files (x86)\windows kits\10\include\10.0.17763.0\shared\winerror.h(55640): note: see previous definition of 'DXGI_ERROR_NOT_CURRENTLY_AVAILABLE'
c:\program files (x86)\microsoft directx sdk (june 2010)\include\dxgitype.h(34): warning C4005: 'DXGI_ERROR_REMOTE_CLIENT_DISCONNECTED': macro redefinition
  c:\program files (x86)\windows kits\10\include\10.0.17763.0\shared\winerror.h(55650): note: see previous definition of 'DXGI_ERROR_REMOTE_CLIENT_DISCONNECTED'
c:\program files (x86)\microsoft directx sdk (june 2010)\include\dxgitype.h(35): warning C4005: 'DXGI_ERROR_REMOTE_OUTOFMEMORY': macro redefinition
  c:\program files (x86)\windows kits\10\include\10.0.17763.0\shared\winerror.h(55659): note: see previous definition of 'DXGI_ERROR_REMOTE_OUTOFMEMORY'
c:\program files (x86)\microsoft directx sdk (june 2010)\include\d3d11.h(917): warning C4005: 'D3D11_ERROR_TOO_MANY_UNIQUE_STATE_OBJECTS': macro redefinition
  c:\program files (x86)\windows kits\10\include\10.0.17763.0\shared\winerror.h(55923): note: see previous definition of 'D3D11_ERROR_TOO_MANY_UNIQUE_STATE_OBJECTS'
c:\program files (x86)\microsoft directx sdk (june 2010)\include\d3d11.h(918): warning C4005: 'D3D11_ERROR_FILE_NOT_FOUND': macro redefinition
  c:\program files (x86)\windows kits\10\include\10.0.17763.0\shared\winerror.h(55932): note: see previous definition of 'D3D11_ERROR_FILE_NOT_FOUND'
c:\program files (x86)\microsoft directx sdk (june 2010)\include\d3d11.h(919): warning C4005: 'D3D11_ERROR_TOO_MANY_UNIQUE_VIEW_OBJECTS': macro redefinition
  c:\program files (x86)\windows kits\10\include\10.0.17763.0\shared\winerror.h(55942): note: see previous definition of 'D3D11_ERROR_TOO_MANY_UNIQUE_VIEW_OBJECTS'
c:\program files (x86)\microsoft directx sdk (june 2010)\include\d3d11.h(920): warning C4005: 'D3D11_ERROR_DEFERRED_CONTEXT_MAP_WITHOUT_INITIAL_DISCARD': macro redefinition
  c:\program files (x86)\windows kits\10\include\10.0.17763.0\shared\winerror.h(55951): note: see previous definition of 'D3D11_ERROR_DEFERRED_CONTEXT_MAP_WITHOUT_INITIAL_DISCARD'
c:\program files (x86)\microsoft directx sdk (june 2010)\include\d3d10.h(608): warning C4005: 'D3D10_ERROR_TOO_MANY_UNIQUE_STATE_OBJECTS': macro redefinition
  c:\program files (x86)\windows kits\10\include\10.0.17763.0\shared\winerror.h(55899): note: see previous definition of 'D3D10_ERROR_TOO_MANY_UNIQUE_STATE_OBJECTS'
c:\program files (x86)\microsoft directx sdk (june 2010)\include\d3d10.h(609): warning C4005: 'D3D10_ERROR_FILE_NOT_FOUND': macro redefinition
  c:\program files (x86)\windows kits\10\include\10.0.17763.0\shared\winerror.h(55908): note: see previous definition of 'D3D10_ERROR_FILE_NOT_FOUND'
c:\program files (x86)\windows kits\10\include\10.0.17763.0\shared\dxgi1_2.h(1270): error C4430: missing type specifier - int assumed. Note: C++ does not support default-int
c:\program files (x86)\windows kits\10\include\10.0.17763.0\shared\dxgi1_2.h(1270): error C2143: syntax error: missing ',' before '*'
c:\program files (x86)\windows kits\10\include\10.0.17763.0\shared\dxgi1_2.h(1274): error C2061: syntax error: identifier 'DXGI_RGBA'
c:\program files (x86)\windows kits\10\include\10.0.17763.0\um\d3d11_1.h(2539): error C3646: 'BufferType': unknown override specifier
c:\program files (x86)\windows kits\10\include\10.0.17763.0\um\d3d11_1.h(2539): error C4430: missing type specifier - int assumed. Note: C++ does not support default-int
c:\program files (x86)\windows kits\10\include\10.0.17763.0\um\d3d11_1.h(2552): error C2143: syntax error: missing ';' before '*'
c:\program files (x86)\windows kits\10\include\10.0.17763.0\um\d3d11_1.h(2552): error C4430: missing type specifier - int assumed. Note: C++ does not support default-int
c:\program files (x86)\windows kits\10\include\10.0.17763.0\um\d3d11_1.h(2552): error C2238: unexpected token(s) preceding ';'
c:\program files (x86)\windows kits\10\include\10.0.17763.0\um\d3d11_1.h(2627): error C3646: 'ColorSpace': unknown override specifier
c:\program files (x86)\windows kits\10\include\10.0.17763.0\um\d3d11_1.h(2627): error C4430: missing type specifier - int assumed. Note: C++ does not support default-int
c:\program files (x86)\windows kits\10\include\10.0.17763.0\um\d3d11_1.h(2648): error C2504: 'ID3D11VideoContext': base class undefined
c:\program files (x86)\windows kits\10\include\10.0.17763.0\um\d3d11_1.h(2652): error C2061: syntax error: identifier 'ID3D11VideoDecoder'
c:\program files (x86)\windows kits\10\include\10.0.17763.0\um\d3d11_1.h(2660): error C2061: syntax error: identifier 'ID3D11CryptoSession'
c:\program files (x86)\windows kits\10\include\10.0.17763.0\um\d3d11_1.h(2670): error C2061: syntax error: identifier 'ID3D11CryptoSession'
c:\program files (x86)\windows kits\10\include\10.0.17763.0\um\d3d11_1.h(2676): error C2061: syntax error: identifier 'ID3D11VideoDecoder'
c:\program files (x86)\windows kits\10\include\10.0.17763.0\um\d3d11_1.h(2686): error C2061: syntax error: identifier 'ID3D11VideoDecoder'
c:\program files (x86)\windows kits\10\include\10.0.17763.0\um\d3d11_1.h(2692): error C2061: syntax error: identifier 'ID3D11VideoProcessor'
c:\program files (x86)\windows kits\10\include\10.0.17763.0\um\d3d11_1.h(2698): error C2061: syntax error: identifier 'ID3D11VideoProcessor'
c:\program files (x86)\windows kits\10\include\10.0.17763.0\um\d3d11_1.h(2704): error C2061: syntax error: identifier 'ID3D11VideoProcessor'
c:\program files (x86)\windows kits\10\include\10.0.17763.0\um\d3d11_1.h(2710): error C2061: syntax error: identifier 'ID3D11VideoProcessor'
c:\program files (x86)\windows kits\10\include\10.0.17763.0\um\d3d11_1.h(2716): error C2061: syntax error: identifier 'ID3D11VideoProcessor'
c:\program files (x86)\windows kits\10\include\10.0.17763.0\um\d3d11_1.h(2724): error C2061: syntax error: identifier 'ID3D11VideoProcessor'
c:\program files (x86)\windows kits\10\include\10.0.17763.0\um\d3d11_1.h(2736): error C2061: syntax error: identifier 'ID3D11VideoProcessor'
c:\program files (x86)\windows kits\10\include\10.0.17763.0\um\d3d11_1.h(2744): error C2061: syntax error: identifier 'ID3D11VideoProcessor'
c:\program files (x86)\windows kits\10\include\10.0.17763.0\um\d3d11_1.h(2756): error C2061: syntax error: identifier 'ID3D11VideoProcessor'
c:\program files (x86)\windows kits\10\include\10.0.17763.0\um\d3d11_1.h(3844): error C2504: 'ID3D11VideoDevice': base class undefined
c:\program files (x86)\windows kits\10\include\10.0.17763.0\um\d3d11_1.h(3876): error C4430: missing type specifier - int assumed. Note: C++ does not support default-int
c:\program files (x86)\windows kits\10\include\10.0.17763.0\um\d3d11_1.h(3876): error C2143: syntax error: missing ',' before '*'
c:\program files (x86)\windows kits\10\include\10.0.17763.0\um\d3d11_1.h(3892): error C4430: missing type specifier - int assumed. Note: C++ does not support default-int
c:\program files (x86)\windows kits\10\include\10.0.17763.0\um\d3d11_1.h(3892): error C2143: syntax error: missing ',' before '*'
c:\program files (x86)\windows kits\10\include\10.0.17763.0\um\d3d11_1.h(4239): error C2504: 'ID3D11VideoProcessorEnumerator': base class undefined
c:\program files (x86)\windows kits\10\include\10.0.17763.0\um\d3d11_1.h(4245): error C2061: syntax error: identifier 'DXGI_COLOR_SPACE_TYPE'
  EffectReflection.cpp
c:\program files (x86)\microsoft directx sdk (june 2010)\include\dxgitype.h(12): warning C4005: 'DXGI_STATUS_OCCLUDED': macro redefinition
  c:\program files (x86)\windows kits\10\include\10.0.17763.0\shared\winerror.h(55460): note: see previous definition of 'DXGI_STATUS_OCCLUDED'
c:\program files (x86)\microsoft directx sdk (june 2010)\include\dxgitype.h(13): warning C4005: 'DXGI_STATUS_CLIPPED': macro redefinition
  c:\program files (x86)\windows kits\10\include\10.0.17763.0\shared\winerror.h(55469): note: see previous definition of 'DXGI_STATUS_CLIPPED'
c:\program files (x86)\microsoft directx sdk (june 2010)\include\dxgitype.h(14): warning C4005: 'DXGI_STATUS_NO_REDIRECTION': macro redefinition
  c:\program files (x86)\windows kits\10\include\10.0.17763.0\shared\winerror.h(55478): note: see previous definition of 'DXGI_STATUS_NO_REDIRECTION'
c:\program files (x86)\microsoft directx sdk (june 2010)\include\dxgitype.h(15): warning C4005: 'DXGI_STATUS_NO_DESKTOP_ACCESS': macro redefinition
  c:\program files (x86)\windows kits\10\include\10.0.17763.0\shared\winerror.h(55487): note: see previous definition of 'DXGI_STATUS_NO_DESKTOP_ACCESS'
c:\program files (x86)\microsoft directx sdk (june 2010)\include\dxgitype.h(16): warning C4005: 'DXGI_STATUS_GRAPHICS_VIDPN_SOURCE_IN_USE': macro redefinition
  c:\program files (x86)\windows kits\10\include\10.0.17763.0\shared\winerror.h(55496): note: see previous definition of 'DXGI_STATUS_GRAPHICS_VIDPN_SOURCE_IN_USE'
c:\program files (x86)\microsoft directx sdk (june 2010)\include\dxgitype.h(17): warning C4005: 'DXGI_STATUS_MODE_CHANGED': macro redefinition
  c:\program files (x86)\windows kits\10\include\10.0.17763.0\shared\winerror.h(55505): note: see previous definition of 'DXGI_STATUS_MODE_CHANGED'
c:\program files (x86)\microsoft directx sdk (june 2010)\include\dxgitype.h(18): warning C4005: 'DXGI_STATUS_MODE_CHANGE_IN_PROGRESS': macro redefinition
  c:\program files (x86)\windows kits\10\include\10.0.17763.0\shared\winerror.h(55514): note: see previous definition of 'DXGI_STATUS_MODE_CHANGE_IN_PROGRESS'
c:\program files (x86)\microsoft directx sdk (june 2010)\include\dxgitype.h(21): warning C4005: 'DXGI_ERROR_INVALID_CALL': macro redefinition
  c:\program files (x86)\windows kits\10\include\10.0.17763.0\shared\winerror.h(55529): note: see previous definition of 'DXGI_ERROR_INVALID_CALL'
c:\program files (x86)\microsoft directx sdk (june 2010)\include\dxgitype.h(22): warning C4005: 'DXGI_ERROR_NOT_FOUND': macro redefinition
  c:\program files (x86)\windows kits\10\include\10.0.17763.0\shared\winerror.h(55538): note: see previous definition of 'DXGI_ERROR_NOT_FOUND'
c:\program files (x86)\microsoft directx sdk (june 2010)\include\dxgitype.h(23): warning C4005: 'DXGI_ERROR_MORE_DATA': macro redefinition
  c:\program files (x86)\windows kits\10\include\10.0.17763.0\shared\winerror.h(55547): note: see previous definition of 'DXGI_ERROR_MORE_DATA'
c:\program files (x86)\microsoft directx sdk (june 2010)\include\dxgitype.h(24): warning C4005: 'DXGI_ERROR_UNSUPPORTED': macro redefinition
  c:\program files (x86)\windows kits\10\include\10.0.17763.0\shared\winerror.h(55556): note: see previous definition of 'DXGI_ERROR_UNSUPPORTED'
c:\program files (x86)\microsoft directx sdk (june 2010)\include\dxgitype.h(25): warning C4005: 'DXGI_ERROR_DEVICE_REMOVED': macro redefinition
  c:\program files (x86)\windows kits\10\include\10.0.17763.0\shared\winerror.h(55565): note: see previous definition of 'DXGI_ERROR_DEVICE_REMOVED'
c:\program files (x86)\microsoft directx sdk (june 2010)\include\dxgitype.h(26): warning C4005: 'DXGI_ERROR_DEVICE_HUNG': macro redefinition
  c:\program files (x86)\windows kits\10\include\10.0.17763.0\shared\winerror.h(55574): note: see previous definition of 'DXGI_ERROR_DEVICE_HUNG'
c:\program files (x86)\microsoft directx sdk (june 2010)\include\dxgitype.h(27): warning C4005: 'DXGI_ERROR_DEVICE_RESET': macro redefinition
  c:\program files (x86)\windows kits\10\include\10.0.17763.0\shared\winerror.h(55584): note: see previous definition of 'DXGI_ERROR_DEVICE_RESET'
c:\program files (x86)\microsoft directx sdk (june 2010)\include\dxgitype.h(28): warning C4005: 'DXGI_ERROR_WAS_STILL_DRAWING': macro redefinition
  c:\program files (x86)\windows kits\10\include\10.0.17763.0\shared\winerror.h(55593): note: see previous definition of 'DXGI_ERROR_WAS_STILL_DRAWING'
c:\program files (x86)\microsoft directx sdk (june 2010)\include\dxgitype.h(29): warning C4005: 'DXGI_ERROR_FRAME_STATISTICS_DISJOINT': macro redefinition
  c:\program files (x86)\windows kits\10\include\10.0.17763.0\shared\winerror.h(55603): note: see previous definition of 'DXGI_ERROR_FRAME_STATISTICS_DISJOINT'
c:\program files (x86)\microsoft directx sdk (june 2010)\include\dxgitype.h(30): warning C4005: 'DXGI_ERROR_GRAPHICS_VIDPN_SOURCE_IN_USE': macro redefinition
  c:\program files (x86)\windows kits\10\include\10.0.17763.0\shared\winerror.h(55612): note: see previous definition of 'DXGI_ERROR_GRAPHICS_VIDPN_SOURCE_IN_USE'
c:\program files (x86)\microsoft directx sdk (june 2010)\include\dxgitype.h(31): warning C4005: 'DXGI_ERROR_DRIVER_INTERNAL_ERROR': macro redefinition
  c:\program files (x86)\windows kits\10\include\10.0.17763.0\shared\winerror.h(55622): note: see previous definition of 'DXGI_ERROR_DRIVER_INTERNAL_ERROR'
c:\program files (x86)\microsoft directx sdk (june 2010)\include\dxgitype.h(32): warning C4005: 'DXGI_ERROR_NONEXCLUSIVE': macro redefinition
  c:\program files (x86)\windows kits\10\include\10.0.17763.0\shared\winerror.h(55631): note: see previous definition of 'DXGI_ERROR_NONEXCLUSIVE'
c:\program files (x86)\microsoft directx sdk (june 2010)\include\dxgitype.h(33): warning C4005: 'DXGI_ERROR_NOT_CURRENTLY_AVAILABLE': macro redefinition
  c:\program files (x86)\windows kits\10\include\10.0.17763.0\shared\winerror.h(55640): note: see previous definition of 'DXGI_ERROR_NOT_CURRENTLY_AVAILABLE'
c:\program files (x86)\microsoft directx sdk (june 2010)\include\dxgitype.h(34): warning C4005: 'DXGI_ERROR_REMOTE_CLIENT_DISCONNECTED': macro redefinition
  c:\program files (x86)\windows kits\10\include\10.0.17763.0\shared\winerror.h(55650): note: see previous definition of 'DXGI_ERROR_REMOTE_CLIENT_DISCONNECTED'
c:\program files (x86)\microsoft directx sdk (june 2010)\include\dxgitype.h(35): warning C4005: 'DXGI_ERROR_REMOTE_OUTOFMEMORY': macro redefinition
  c:\program files (x86)\windows kits\10\include\10.0.17763.0\shared\winerror.h(55659): note: see previous definition of 'DXGI_ERROR_REMOTE_OUTOFMEMORY'
c:\program files (x86)\microsoft directx sdk (june 2010)\include\d3d11.h(917): warning C4005: 'D3D11_ERROR_TOO_MANY_UNIQUE_STATE_OBJECTS': macro redefinition
  c:\program files (x86)\windows kits\10\include\10.0.17763.0\shared\winerror.h(55923): note: see previous definition of 'D3D11_ERROR_TOO_MANY_UNIQUE_STATE_OBJECTS'
c:\program files (x86)\microsoft directx sdk (june 2010)\include\d3d11.h(918): warning C4005: 'D3D11_ERROR_FILE_NOT_FOUND': macro redefinition
  c:\program files (x86)\windows kits\10\include\10.0.17763.0\shared\winerror.h(55932): note: see previous definition of 'D3D11_ERROR_FILE_NOT_FOUND'
c:\program files (x86)\microsoft directx sdk (june 2010)\include\d3d11.h(919): warning C4005: 'D3D11_ERROR_TOO_MANY_UNIQUE_VIEW_OBJECTS': macro redefinition
  c:\program files (x86)\windows kits\10\include\10.0.17763.0\shared\winerror.h(55942): note: see previous definition of 'D3D11_ERROR_TOO_MANY_UNIQUE_VIEW_OBJECTS'
c:\program files (x86)\microsoft directx sdk (june 2010)\include\d3d11.h(920): warning C4005: 'D3D11_ERROR_DEFERRED_CONTEXT_MAP_WITHOUT_INITIAL_DISCARD': macro redefinition
  c:\program files (x86)\windows kits\10\include\10.0.17763.0\shared\winerror.h(55951): note: see previous definition of 'D3D11_ERROR_DEFERRED_CONTEXT_MAP_WITHOUT_INITIAL_DISCARD'
c:\program files (x86)\microsoft directx sdk (june 2010)\include\d3d10.h(608): warning C4005: 'D3D10_ERROR_TOO_MANY_UNIQUE_STATE_OBJECTS': macro redefinition
  c:\program files (x86)\windows kits\10\include\10.0.17763.0\shared\winerror.h(55899): note: see previous definition of 'D3D10_ERROR_TOO_MANY_UNIQUE_STATE_OBJECTS'
c:\program files (x86)\microsoft directx sdk (june 2010)\include\d3d10.h(609): warning C4005: 'D3D10_ERROR_FILE_NOT_FOUND': macro redefinition
  c:\program files (x86)\windows kits\10\include\10.0.17763.0\shared\winerror.h(55908): note: see previous definition of 'D3D10_ERROR_FILE_NOT_FOUND'
c:\program files (x86)\windows kits\10\include\10.0.17763.0\shared\dxgi1_2.h(1270): error C4430: missing type specifier - int assumed. Note: C++ does not support default-int
c:\program files (x86)\windows kits\10\include\10.0.17763.0\shared\dxgi1_2.h(1270): error C2143: syntax error: missing ',' before '*'
c:\program files (x86)\windows kits\10\include\10.0.17763.0\shared\dxgi1_2.h(1274): error C2061: syntax error: identifier 'DXGI_RGBA'
c:\program files (x86)\windows kits\10\include\10.0.17763.0\um\d3d11_1.h(2539): error C3646: 'BufferType': unknown override specifier
c:\program files (x86)\windows kits\10\include\10.0.17763.0\um\d3d11_1.h(2539): error C4430: missing type specifier - int assumed. Note: C++ does not support default-int
c:\program files (x86)\windows kits\10\include\10.0.17763.0\um\d3d11_1.h(2552): error C2143: syntax error: missing ';' before '*'
c:\program files (x86)\windows kits\10\include\10.0.17763.0\um\d3d11_1.h(2552): error C4430: missing type specifier - int assumed. Note: C++ does not support default-int
c:\program files (x86)\windows kits\10\include\10.0.17763.0\um\d3d11_1.h(2552): error C2238: unexpected token(s) preceding ';'
c:\program files (x86)\windows kits\10\include\10.0.17763.0\um\d3d11_1.h(2627): error C3646: 'ColorSpace': unknown override specifier
c:\program files (x86)\windows kits\10\include\10.0.17763.0\um\d3d11_1.h(2627): error C4430: missing type specifier - int assumed. Note: C++ does not support default-int
c:\program files (x86)\windows kits\10\include\10.0.17763.0\um\d3d11_1.h(2648): error C2504: 'ID3D11VideoContext': base class undefined
c:\program files (x86)\windows kits\10\include\10.0.17763.0\um\d3d11_1.h(2652): error C2061: syntax error: identifier 'ID3D11VideoDecoder'
c:\program files (x86)\windows kits\10\include\10.0.17763.0\um\d3d11_1.h(2660): error C2061: syntax error: identifier 'ID3D11CryptoSession'
c:\program files (x86)\windows kits\10\include\10.0.17763.0\um\d3d11_1.h(2670): error C2061: syntax error: identifier 'ID3D11CryptoSession'
c:\program files (x86)\windows kits\10\include\10.0.17763.0\um\d3d11_1.h(2676): error C2061: syntax error: identifier 'ID3D11VideoDecoder'
c:\program files (x86)\windows kits\10\include\10.0.17763.0\um\d3d11_1.h(2686): error C2061: syntax error: identifier 'ID3D11VideoDecoder'
c:\program files (x86)\windows kits\10\include\10.0.17763.0\um\d3d11_1.h(2692): error C2061: syntax error: identifier 'ID3D11VideoProcessor'
c:\program files (x86)\windows kits\10\include\10.0.17763.0\um\d3d11_1.h(2698): error C2061: syntax error: identifier 'ID3D11VideoProcessor'
c:\program files (x86)\windows kits\10\include\10.0.17763.0\um\d3d11_1.h(2704): error C2061: syntax error: identifier 'ID3D11VideoProcessor'
c:\program files (x86)\windows kits\10\include\10.0.17763.0\um\d3d11_1.h(2710): error C2061: syntax error: identifier 'ID3D11VideoProcessor'
c:\program files (x86)\windows kits\10\include\10.0.17763.0\um\d3d11_1.h(2716): error C2061: syntax error: identifier 'ID3D11VideoProcessor'
c:\program files (x86)\windows kits\10\include\10.0.17763.0\um\d3d11_1.h(2724): error C2061: syntax error: identifier 'ID3D11VideoProcessor'
c:\program files (x86)\windows kits\10\include\10.0.17763.0\um\d3d11_1.h(2736): error C2061: syntax error: identifier 'ID3D11VideoProcessor'
c:\program files (x86)\windows kits\10\include\10.0.17763.0\um\d3d11_1.h(2744): error C2061: syntax error: identifier 'ID3D11VideoProcessor'
c:\program files (x86)\windows kits\10\include\10.0.17763.0\um\d3d11_1.h(2756): error C2061: syntax error: identifier 'ID3D11VideoProcessor'
c:\program files (x86)\windows kits\10\include\10.0.17763.0\um\d3d11_1.h(3844): error C2504: 'ID3D11VideoDevice': base class undefined
c:\program files (x86)\windows kits\10\include\10.0.17763.0\um\d3d11_1.h(3876): error C4430: missing type specifier - int assumed. Note: C++ does not support default-int
c:\program files (x86)\windows kits\10\include\10.0.17763.0\um\d3d11_1.h(3876): error C2143: syntax error: missing ',' before '*'
c:\program files (x86)\windows kits\10\include\10.0.17763.0\um\d3d11_1.h(3892): error C4430: missing type specifier - int assumed. Note: C++ does not support default-int
c:\program files (x86)\windows kits\10\include\10.0.17763.0\um\d3d11_1.h(3892): error C2143: syntax error: missing ',' before '*'
c:\program files (x86)\windows kits\10\include\10.0.17763.0\um\d3d11_1.h(4239): error C2504: 'ID3D11VideoProcessorEnumerator': base class undefined
c:\program files (x86)\windows kits\10\include\10.0.17763.0\um\d3d11_1.h(4245): error C2061: syntax error: identifier 'DXGI_COLOR_SPACE_TYPE'
  EffectNonRuntime.cpp
c:\program files (x86)\microsoft directx sdk (june 2010)\include\dxgitype.h(12): warning C4005: 'DXGI_STATUS_OCCLUDED': macro redefinition
  c:\program files (x86)\windows kits\10\include\10.0.17763.0\shared\winerror.h(55460): note: see previous definition of 'DXGI_STATUS_OCCLUDED'
c:\program files (x86)\microsoft directx sdk (june 2010)\include\dxgitype.h(13): warning C4005: 'DXGI_STATUS_CLIPPED': macro redefinition
  c:\program files (x86)\windows kits\10\include\10.0.17763.0\shared\winerror.h(55469): note: see previous definition of 'DXGI_STATUS_CLIPPED'
c:\program files (x86)\microsoft directx sdk (june 2010)\include\dxgitype.h(14): warning C4005: 'DXGI_STATUS_NO_REDIRECTION': macro redefinition
  c:\program files (x86)\windows kits\10\include\10.0.17763.0\shared\winerror.h(55478): note: see previous definition of 'DXGI_STATUS_NO_REDIRECTION'
c:\program files (x86)\microsoft directx sdk (june 2010)\include\dxgitype.h(15): warning C4005: 'DXGI_STATUS_NO_DESKTOP_ACCESS': macro redefinition
  c:\program files (x86)\windows kits\10\include\10.0.17763.0\shared\winerror.h(55487): note: see previous definition of 'DXGI_STATUS_NO_DESKTOP_ACCESS'
c:\program files (x86)\microsoft directx sdk (june 2010)\include\dxgitype.h(16): warning C4005: 'DXGI_STATUS_GRAPHICS_VIDPN_SOURCE_IN_USE': macro redefinition
  c:\program files (x86)\windows kits\10\include\10.0.17763.0\shared\winerror.h(55496): note: see previous definition of 'DXGI_STATUS_GRAPHICS_VIDPN_SOURCE_IN_USE'
c:\program files (x86)\microsoft directx sdk (june 2010)\include\dxgitype.h(17): warning C4005: 'DXGI_STATUS_MODE_CHANGED': macro redefinition
  c:\program files (x86)\windows kits\10\include\10.0.17763.0\shared\winerror.h(55505): note: see previous definition of 'DXGI_STATUS_MODE_CHANGED'
c:\program files (x86)\microsoft directx sdk (june 2010)\include\dxgitype.h(18): warning C4005: 'DXGI_STATUS_MODE_CHANGE_IN_PROGRESS': macro redefinition
  c:\program files (x86)\windows kits\10\include\10.0.17763.0\shared\winerror.h(55514): note: see previous definition of 'DXGI_STATUS_MODE_CHANGE_IN_PROGRESS'
c:\program files (x86)\microsoft directx sdk (june 2010)\include\dxgitype.h(21): warning C4005: 'DXGI_ERROR_INVALID_CALL': macro redefinition
  c:\program files (x86)\windows kits\10\include\10.0.17763.0\shared\winerror.h(55529): note: see previous definition of 'DXGI_ERROR_INVALID_CALL'
c:\program files (x86)\microsoft directx sdk (june 2010)\include\dxgitype.h(22): warning C4005: 'DXGI_ERROR_NOT_FOUND': macro redefinition
  c:\program files (x86)\windows kits\10\include\10.0.17763.0\shared\winerror.h(55538): note: see previous definition of 'DXGI_ERROR_NOT_FOUND'
c:\program files (x86)\microsoft directx sdk (june 2010)\include\dxgitype.h(23): warning C4005: 'DXGI_ERROR_MORE_DATA': macro redefinition
  c:\program files (x86)\windows kits\10\include\10.0.17763.0\shared\winerror.h(55547): note: see previous definition of 'DXGI_ERROR_MORE_DATA'
c:\program files (x86)\microsoft directx sdk (june 2010)\include\dxgitype.h(24): warning C4005: 'DXGI_ERROR_UNSUPPORTED': macro redefinition
  c:\program files (x86)\windows kits\10\include\10.0.17763.0\shared\winerror.h(55556): note: see previous definition of 'DXGI_ERROR_UNSUPPORTED'
c:\program files (x86)\microsoft directx sdk (june 2010)\include\dxgitype.h(25): warning C4005: 'DXGI_ERROR_DEVICE_REMOVED': macro redefinition
  c:\program files (x86)\windows kits\10\include\10.0.17763.0\shared\winerror.h(55565): note: see previous definition of 'DXGI_ERROR_DEVICE_REMOVED'
c:\program files (x86)\microsoft directx sdk (june 2010)\include\dxgitype.h(26): warning C4005: 'DXGI_ERROR_DEVICE_HUNG': macro redefinition
  c:\program files (x86)\windows kits\10\include\10.0.17763.0\shared\winerror.h(55574): note: see previous definition of 'DXGI_ERROR_DEVICE_HUNG'
c:\program files (x86)\microsoft directx sdk (june 2010)\include\dxgitype.h(27): warning C4005: 'DXGI_ERROR_DEVICE_RESET': macro redefinition
  c:\program files (x86)\windows kits\10\include\10.0.17763.0\shared\winerror.h(55584): note: see previous definition of 'DXGI_ERROR_DEVICE_RESET'
c:\program files (x86)\microsoft directx sdk (june 2010)\include\dxgitype.h(28): warning C4005: 'DXGI_ERROR_WAS_STILL_DRAWING': macro redefinition
  c:\program files (x86)\windows kits\10\include\10.0.17763.0\shared\winerror.h(55593): note: see previous definition of 'DXGI_ERROR_WAS_STILL_DRAWING'
c:\program files (x86)\microsoft directx sdk (june 2010)\include\dxgitype.h(29): warning C4005: 'DXGI_ERROR_FRAME_STATISTICS_DISJOINT': macro redefinition
  c:\program files (x86)\windows kits\10\include\10.0.17763.0\shared\winerror.h(55603): note: see previous definition of 'DXGI_ERROR_FRAME_STATISTICS_DISJOINT'
c:\program files (x86)\microsoft directx sdk (june 2010)\include\dxgitype.h(30): warning C4005: 'DXGI_ERROR_GRAPHICS_VIDPN_SOURCE_IN_USE': macro redefinition
  c:\program files (x86)\windows kits\10\include\10.0.17763.0\shared\winerror.h(55612): note: see previous definition of 'DXGI_ERROR_GRAPHICS_VIDPN_SOURCE_IN_USE'
c:\program files (x86)\microsoft directx sdk (june 2010)\include\dxgitype.h(31): warning C4005: 'DXGI_ERROR_DRIVER_INTERNAL_ERROR': macro redefinition
  c:\program files (x86)\windows kits\10\include\10.0.17763.0\shared\winerror.h(55622): note: see previous definition of 'DXGI_ERROR_DRIVER_INTERNAL_ERROR'
c:\program files (x86)\microsoft directx sdk (june 2010)\include\dxgitype.h(32): warning C4005: 'DXGI_ERROR_NONEXCLUSIVE': macro redefinition
  c:\program files (x86)\windows kits\10\include\10.0.17763.0\shared\winerror.h(55631): note: see previous definition of 'DXGI_ERROR_NONEXCLUSIVE'
c:\program files (x86)\microsoft directx sdk (june 2010)\include\dxgitype.h(33): warning C4005: 'DXGI_ERROR_NOT_CURRENTLY_AVAILABLE': macro redefinition
  c:\program files (x86)\windows kits\10\include\10.0.17763.0\shared\winerror.h(55640): note: see previous definition of 'DXGI_ERROR_NOT_CURRENTLY_AVAILABLE'
c:\program files (x86)\microsoft directx sdk (june 2010)\include\dxgitype.h(34): warning C4005: 'DXGI_ERROR_REMOTE_CLIENT_DISCONNECTED': macro redefinition
  c:\program files (x86)\windows kits\10\include\10.0.17763.0\shared\winerror.h(55650): note: see previous definition of 'DXGI_ERROR_REMOTE_CLIENT_DISCONNECTED'
c:\program files (x86)\microsoft directx sdk (june 2010)\include\dxgitype.h(35): warning C4005: 'DXGI_ERROR_REMOTE_OUTOFMEMORY': macro redefinition
  c:\program files (x86)\windows kits\10\include\10.0.17763.0\shared\winerror.h(55659): note: see previous definition of 'DXGI_ERROR_REMOTE_OUTOFMEMORY'
c:\program files (x86)\microsoft directx sdk (june 2010)\include\d3d11.h(917): warning C4005: 'D3D11_ERROR_TOO_MANY_UNIQUE_STATE_OBJECTS': macro redefinition
  c:\program files (x86)\windows kits\10\include\10.0.17763.0\shared\winerror.h(55923): note: see previous definition of 'D3D11_ERROR_TOO_MANY_UNIQUE_STATE_OBJECTS'
c:\program files (x86)\microsoft directx sdk (june 2010)\include\d3d11.h(918): warning C4005: 'D3D11_ERROR_FILE_NOT_FOUND': macro redefinition
  c:\program files (x86)\windows kits\10\include\10.0.17763.0\shared\winerror.h(55932): note: see previous definition of 'D3D11_ERROR_FILE_NOT_FOUND'
c:\program files (x86)\microsoft directx sdk (june 2010)\include\d3d11.h(919): warning C4005: 'D3D11_ERROR_TOO_MANY_UNIQUE_VIEW_OBJECTS': macro redefinition
  c:\program files (x86)\windows kits\10\include\10.0.17763.0\shared\winerror.h(55942): note: see previous definition of 'D3D11_ERROR_TOO_MANY_UNIQUE_VIEW_OBJECTS'
c:\program files (x86)\microsoft directx sdk (june 2010)\include\d3d11.h(920): warning C4005: 'D3D11_ERROR_DEFERRED_CONTEXT_MAP_WITHOUT_INITIAL_DISCARD': macro redefinition
  c:\program files (x86)\windows kits\10\include\10.0.17763.0\shared\winerror.h(55951): note: see previous definition of 'D3D11_ERROR_DEFERRED_CONTEXT_MAP_WITHOUT_INITIAL_DISCARD'
c:\program files (x86)\microsoft directx sdk (june 2010)\include\d3d10.h(608): warning C4005: 'D3D10_ERROR_TOO_MANY_UNIQUE_STATE_OBJECTS': macro redefinition
  c:\program files (x86)\windows kits\10\include\10.0.17763.0\shared\winerror.h(55899): note: see previous definition of 'D3D10_ERROR_TOO_MANY_UNIQUE_STATE_OBJECTS'
c:\program files (x86)\microsoft directx sdk (june 2010)\include\d3d10.h(609): warning C4005: 'D3D10_ERROR_FILE_NOT_FOUND': macro redefinition
  c:\program files (x86)\windows kits\10\include\10.0.17763.0\shared\winerror.h(55908): note: see previous definition of 'D3D10_ERROR_FILE_NOT_FOUND'
c:\program files (x86)\windows kits\10\include\10.0.17763.0\shared\dxgi1_2.h(1270): error C4430: missing type specifier - int assumed. Note: C++ does not support default-int
c:\program files (x86)\windows kits\10\include\10.0.17763.0\shared\dxgi1_2.h(1270): error C2143: syntax error: missing ',' before '*'
c:\program files (x86)\windows kits\10\include\10.0.17763.0\shared\dxgi1_2.h(1274): error C2061: syntax error: identifier 'DXGI_RGBA'
c:\program files (x86)\windows kits\10\include\10.0.17763.0\um\d3d11_1.h(2539): error C3646: 'BufferType': unknown override specifier
c:\program files (x86)\windows kits\10\include\10.0.17763.0\um\d3d11_1.h(2539): error C4430: missing type specifier - int assumed. Note: C++ does not support default-int
c:\program files (x86)\windows kits\10\include\10.0.17763.0\um\d3d11_1.h(2552): error C2143: syntax error: missing ';' before '*'
c:\program files (x86)\windows kits\10\include\10.0.17763.0\um\d3d11_1.h(2552): error C4430: missing type specifier - int assumed. Note: C++ does not support default-int
c:\program files (x86)\windows kits\10\include\10.0.17763.0\um\d3d11_1.h(2552): error C2238: unexpected token(s) preceding ';'
c:\program files (x86)\windows kits\10\include\10.0.17763.0\um\d3d11_1.h(2627): error C3646: 'ColorSpace': unknown override specifier
c:\program files (x86)\windows kits\10\include\10.0.17763.0\um\d3d11_1.h(2627): error C4430: missing type specifier - int assumed. Note: C++ does not support default-int
c:\program files (x86)\windows kits\10\include\10.0.17763.0\um\d3d11_1.h(2648): error C2504: 'ID3D11VideoContext': base class undefined
c:\program files (x86)\windows kits\10\include\10.0.17763.0\um\d3d11_1.h(2652): error C2061: syntax error: identifier 'ID3D11VideoDecoder'
c:\program files (x86)\windows kits\10\include\10.0.17763.0\um\d3d11_1.h(2660): error C2061: syntax error: identifier 'ID3D11CryptoSession'
c:\program files (x86)\windows kits\10\include\10.0.17763.0\um\d3d11_1.h(2670): error C2061: syntax error: identifier 'ID3D11CryptoSession'
c:\program files (x86)\windows kits\10\include\10.0.17763.0\um\d3d11_1.h(2676): error C2061: syntax error: identifier 'ID3D11VideoDecoder'
c:\program files (x86)\windows kits\10\include\10.0.17763.0\um\d3d11_1.h(2686): error C2061: syntax error: identifier 'ID3D11VideoDecoder'
c:\program files (x86)\windows kits\10\include\10.0.17763.0\um\d3d11_1.h(2692): error C2061: syntax error: identifier 'ID3D11VideoProcessor'
c:\program files (x86)\windows kits\10\include\10.0.17763.0\um\d3d11_1.h(2698): error C2061: syntax error: identifier 'ID3D11VideoProcessor'
c:\program files (x86)\windows kits\10\include\10.0.17763.0\um\d3d11_1.h(2704): error C2061: syntax error: identifier 'ID3D11VideoProcessor'
c:\program files (x86)\windows kits\10\include\10.0.17763.0\um\d3d11_1.h(2710): error C2061: syntax error: identifier 'ID3D11VideoProcessor'
c:\program files (x86)\windows kits\10\include\10.0.17763.0\um\d3d11_1.h(2716): error C2061: syntax error: identifier 'ID3D11VideoProcessor'
c:\program files (x86)\windows kits\10\include\10.0.17763.0\um\d3d11_1.h(2724): error C2061: syntax error: identifier 'ID3D11VideoProcessor'
c:\program files (x86)\windows kits\10\include\10.0.17763.0\um\d3d11_1.h(2736): error C2061: syntax error: identifier 'ID3D11VideoProcessor'
c:\program files (x86)\windows kits\10\include\10.0.17763.0\um\d3d11_1.h(2744): error C2061: syntax error: identifier 'ID3D11VideoProcessor'
c:\program files (x86)\windows kits\10\include\10.0.17763.0\um\d3d11_1.h(2756): error C2061: syntax error: identifier 'ID3D11VideoProcessor'
c:\program files (x86)\windows kits\10\include\10.0.17763.0\um\d3d11_1.h(3844): error C2504: 'ID3D11VideoDevice': base class undefined
c:\program files (x86)\windows kits\10\include\10.0.17763.0\um\d3d11_1.h(3876): error C4430: missing type specifier - int assumed. Note: C++ does not support default-int
c:\program files (x86)\windows kits\10\include\10.0.17763.0\um\d3d11_1.h(3876): error C2143: syntax error: missing ',' before '*'
c:\program files (x86)\windows kits\10\include\10.0.17763.0\um\d3d11_1.h(3892): error C4430: missing type specifier - int assumed. Note: C++ does not support default-int
c:\program files (x86)\windows kits\10\include\10.0.17763.0\um\d3d11_1.h(3892): error C2143: syntax error: missing ',' before '*'
c:\program files (x86)\windows kits\10\include\10.0.17763.0\um\d3d11_1.h(4239): error C2504: 'ID3D11VideoProcessorEnumerator': base class undefined
c:\program files (x86)\windows kits\10\include\10.0.17763.0\um\d3d11_1.h(4245): error C2061: syntax error: identifier 'DXGI_COLOR_SPACE_TYPE'
c:\users\jacob.kostenick\source\repos\gpu-pro-books-source-code\gpu-pro-4\04_shadows\01_real-time deep shadow maps\deepshadowmaps\core\effects11\effectnonruntime.cpp(16): fatal error C1083: Cannot open include file: 'SOParser.h': No such file or directory
  EffectLoad.cpp
c:\program files (x86)\microsoft directx sdk (june 2010)\include\dxgitype.h(12): warning C4005: 'DXGI_STATUS_OCCLUDED': macro redefinition
  c:\program files (x86)\windows kits\10\include\10.0.17763.0\shared\winerror.h(55460): note: see previous definition of 'DXGI_STATUS_OCCLUDED'
c:\program files (x86)\microsoft directx sdk (june 2010)\include\dxgitype.h(13): warning C4005: 'DXGI_STATUS_CLIPPED': macro redefinition
  c:\program files (x86)\windows kits\10\include\10.0.17763.0\shared\winerror.h(55469): note: see previous definition of 'DXGI_STATUS_CLIPPED'
c:\program files (x86)\microsoft directx sdk (june 2010)\include\dxgitype.h(14): warning C4005: 'DXGI_STATUS_NO_REDIRECTION': macro redefinition
  c:\program files (x86)\windows kits\10\include\10.0.17763.0\shared\winerror.h(55478): note: see previous definition of 'DXGI_STATUS_NO_REDIRECTION'
c:\program files (x86)\microsoft directx sdk (june 2010)\include\dxgitype.h(15): warning C4005: 'DXGI_STATUS_NO_DESKTOP_ACCESS': macro redefinition
  c:\program files (x86)\windows kits\10\include\10.0.17763.0\shared\winerror.h(55487): note: see previous definition of 'DXGI_STATUS_NO_DESKTOP_ACCESS'
c:\program files (x86)\microsoft directx sdk (june 2010)\include\dxgitype.h(16): warning C4005: 'DXGI_STATUS_GRAPHICS_VIDPN_SOURCE_IN_USE': macro redefinition
  c:\program files (x86)\windows kits\10\include\10.0.17763.0\shared\winerror.h(55496): note: see previous definition of 'DXGI_STATUS_GRAPHICS_VIDPN_SOURCE_IN_USE'
c:\program files (x86)\microsoft directx sdk (june 2010)\include\dxgitype.h(17): warning C4005: 'DXGI_STATUS_MODE_CHANGED': macro redefinition
  c:\program files (x86)\windows kits\10\include\10.0.17763.0\shared\winerror.h(55505): note: see previous definition of 'DXGI_STATUS_MODE_CHANGED'
c:\program files (x86)\microsoft directx sdk (june 2010)\include\dxgitype.h(18): warning C4005: 'DXGI_STATUS_MODE_CHANGE_IN_PROGRESS': macro redefinition
  c:\program files (x86)\windows kits\10\include\10.0.17763.0\shared\winerror.h(55514): note: see previous definition of 'DXGI_STATUS_MODE_CHANGE_IN_PROGRESS'
c:\program files (x86)\microsoft directx sdk (june 2010)\include\dxgitype.h(21): warning C4005: 'DXGI_ERROR_INVALID_CALL': macro redefinition
  c:\program files (x86)\windows kits\10\include\10.0.17763.0\shared\winerror.h(55529): note: see previous definition of 'DXGI_ERROR_INVALID_CALL'
c:\program files (x86)\microsoft directx sdk (june 2010)\include\dxgitype.h(22): warning C4005: 'DXGI_ERROR_NOT_FOUND': macro redefinition
  c:\program files (x86)\windows kits\10\include\10.0.17763.0\shared\winerror.h(55538): note: see previous definition of 'DXGI_ERROR_NOT_FOUND'
c:\program files (x86)\microsoft directx sdk (june 2010)\include\dxgitype.h(23): warning C4005: 'DXGI_ERROR_MORE_DATA': macro redefinition
  c:\program files (x86)\windows kits\10\include\10.0.17763.0\shared\winerror.h(55547): note: see previous definition of 'DXGI_ERROR_MORE_DATA'
c:\program files (x86)\microsoft directx sdk (june 2010)\include\dxgitype.h(24): warning C4005: 'DXGI_ERROR_UNSUPPORTED': macro redefinition
  c:\program files (x86)\windows kits\10\include\10.0.17763.0\shared\winerror.h(55556): note: see previous definition of 'DXGI_ERROR_UNSUPPORTED'
c:\program files (x86)\microsoft directx sdk (june 2010)\include\dxgitype.h(25): warning C4005: 'DXGI_ERROR_DEVICE_REMOVED': macro redefinition
  c:\program files (x86)\windows kits\10\include\10.0.17763.0\shared\winerror.h(55565): note: see previous definition of 'DXGI_ERROR_DEVICE_REMOVED'
c:\program files (x86)\microsoft directx sdk (june 2010)\include\dxgitype.h(26): warning C4005: 'DXGI_ERROR_DEVICE_HUNG': macro redefinition
  c:\program files (x86)\windows kits\10\include\10.0.17763.0\shared\winerror.h(55574): note: see previous definition of 'DXGI_ERROR_DEVICE_HUNG'
c:\program files (x86)\microsoft directx sdk (june 2010)\include\dxgitype.h(27): warning C4005: 'DXGI_ERROR_DEVICE_RESET': macro redefinition
  c:\program files (x86)\windows kits\10\include\10.0.17763.0\shared\winerror.h(55584): note: see previous definition of 'DXGI_ERROR_DEVICE_RESET'
c:\program files (x86)\microsoft directx sdk (june 2010)\include\dxgitype.h(28): warning C4005: 'DXGI_ERROR_WAS_STILL_DRAWING': macro redefinition
  c:\program files (x86)\windows kits\10\include\10.0.17763.0\shared\winerror.h(55593): note: see previous definition of 'DXGI_ERROR_WAS_STILL_DRAWING'
c:\program files (x86)\microsoft directx sdk (june 2010)\include\dxgitype.h(29): warning C4005: 'DXGI_ERROR_FRAME_STATISTICS_DISJOINT': macro redefinition
  c:\program files (x86)\windows kits\10\include\10.0.17763.0\shared\winerror.h(55603): note: see previous definition of 'DXGI_ERROR_FRAME_STATISTICS_DISJOINT'
c:\program files (x86)\microsoft directx sdk (june 2010)\include\dxgitype.h(30): warning C4005: 'DXGI_ERROR_GRAPHICS_VIDPN_SOURCE_IN_USE': macro redefinition
  c:\program files (x86)\windows kits\10\include\10.0.17763.0\shared\winerror.h(55612): note: see previous definition of 'DXGI_ERROR_GRAPHICS_VIDPN_SOURCE_IN_USE'
c:\program files (x86)\microsoft directx sdk (june 2010)\include\dxgitype.h(31): warning C4005: 'DXGI_ERROR_DRIVER_INTERNAL_ERROR': macro redefinition
  c:\program files (x86)\windows kits\10\include\10.0.17763.0\shared\winerror.h(55622): note: see previous definition of 'DXGI_ERROR_DRIVER_INTERNAL_ERROR'
c:\program files (x86)\microsoft directx sdk (june 2010)\include\dxgitype.h(32): warning C4005: 'DXGI_ERROR_NONEXCLUSIVE': macro redefinition
  c:\program files (x86)\windows kits\10\include\10.0.17763.0\shared\winerror.h(55631): note: see previous definition of 'DXGI_ERROR_NONEXCLUSIVE'
c:\program files (x86)\microsoft directx sdk (june 2010)\include\dxgitype.h(33): warning C4005: 'DXGI_ERROR_NOT_CURRENTLY_AVAILABLE': macro redefinition
  c:\program files (x86)\windows kits\10\include\10.0.17763.0\shared\winerror.h(55640): note: see previous definition of 'DXGI_ERROR_NOT_CURRENTLY_AVAILABLE'
c:\program files (x86)\microsoft directx sdk (june 2010)\include\dxgitype.h(34): warning C4005: 'DXGI_ERROR_REMOTE_CLIENT_DISCONNECTED': macro redefinition
  c:\program files (x86)\windows kits\10\include\10.0.17763.0\shared\winerror.h(55650): note: see previous definition of 'DXGI_ERROR_REMOTE_CLIENT_DISCONNECTED'
c:\program files (x86)\microsoft directx sdk (june 2010)\include\dxgitype.h(35): warning C4005: 'DXGI_ERROR_REMOTE_OUTOFMEMORY': macro redefinition
  c:\program files (x86)\windows kits\10\include\10.0.17763.0\shared\winerror.h(55659): note: see previous definition of 'DXGI_ERROR_REMOTE_OUTOFMEMORY'
c:\program files (x86)\microsoft directx sdk (june 2010)\include\d3d11.h(917): warning C4005: 'D3D11_ERROR_TOO_MANY_UNIQUE_STATE_OBJECTS': macro redefinition
  c:\program files (x86)\windows kits\10\include\10.0.17763.0\shared\winerror.h(55923): note: see previous definition of 'D3D11_ERROR_TOO_MANY_UNIQUE_STATE_OBJECTS'
c:\program files (x86)\microsoft directx sdk (june 2010)\include\d3d11.h(918): warning C4005: 'D3D11_ERROR_FILE_NOT_FOUND': macro redefinition
  c:\program files (x86)\windows kits\10\include\10.0.17763.0\shared\winerror.h(55932): note: see previous definition of 'D3D11_ERROR_FILE_NOT_FOUND'
c:\program files (x86)\microsoft directx sdk (june 2010)\include\d3d11.h(919): warning C4005: 'D3D11_ERROR_TOO_MANY_UNIQUE_VIEW_OBJECTS': macro redefinition
  c:\program files (x86)\windows kits\10\include\10.0.17763.0\shared\winerror.h(55942): note: see previous definition of 'D3D11_ERROR_TOO_MANY_UNIQUE_VIEW_OBJECTS'
c:\program files (x86)\microsoft directx sdk (june 2010)\include\d3d11.h(920): warning C4005: 'D3D11_ERROR_DEFERRED_CONTEXT_MAP_WITHOUT_INITIAL_DISCARD': macro redefinition
  c:\program files (x86)\windows kits\10\include\10.0.17763.0\shared\winerror.h(55951): note: see previous definition of 'D3D11_ERROR_DEFERRED_CONTEXT_MAP_WITHOUT_INITIAL_DISCARD'
c:\program files (x86)\microsoft directx sdk (june 2010)\include\d3d10.h(608): warning C4005: 'D3D10_ERROR_TOO_MANY_UNIQUE_STATE_OBJECTS': macro redefinition
  c:\program files (x86)\windows kits\10\include\10.0.17763.0\shared\winerror.h(55899): note: see previous definition of 'D3D10_ERROR_TOO_MANY_UNIQUE_STATE_OBJECTS'
c:\program files (x86)\microsoft directx sdk (june 2010)\include\d3d10.h(609): warning C4005: 'D3D10_ERROR_FILE_NOT_FOUND': macro redefinition
  c:\program files (x86)\windows kits\10\include\10.0.17763.0\shared\winerror.h(55908): note: see previous definition of 'D3D10_ERROR_FILE_NOT_FOUND'
c:\program files (x86)\windows kits\10\include\10.0.17763.0\shared\dxgi1_2.h(1270): error C4430: missing type specifier - int assumed. Note: C++ does not support default-int
c:\program files (x86)\windows kits\10\include\10.0.17763.0\shared\dxgi1_2.h(1270): error C2143: syntax error: missing ',' before '*'
c:\program files (x86)\windows kits\10\include\10.0.17763.0\shared\dxgi1_2.h(1274): error C2061: syntax error: identifier 'DXGI_RGBA'
c:\program files (x86)\windows kits\10\include\10.0.17763.0\um\d3d11_1.h(2539): error C3646: 'BufferType': unknown override specifier
c:\program files (x86)\windows kits\10\include\10.0.17763.0\um\d3d11_1.h(2539): error C4430: missing type specifier - int assumed. Note: C++ does not support default-int
c:\program files (x86)\windows kits\10\include\10.0.17763.0\um\d3d11_1.h(2552): error C2143: syntax error: missing ';' before '*'
c:\program files (x86)\windows kits\10\include\10.0.17763.0\um\d3d11_1.h(2552): error C4430: missing type specifier - int assumed. Note: C++ does not support default-int
c:\program files (x86)\windows kits\10\include\10.0.17763.0\um\d3d11_1.h(2552): error C2238: unexpected token(s) preceding ';'
c:\program files (x86)\windows kits\10\include\10.0.17763.0\um\d3d11_1.h(2627): error C3646: 'ColorSpace': unknown override specifier
c:\program files (x86)\windows kits\10\include\10.0.17763.0\um\d3d11_1.h(2627): error C4430: missing type specifier - int assumed. Note: C++ does not support default-int
c:\program files (x86)\windows kits\10\include\10.0.17763.0\um\d3d11_1.h(2648): error C2504: 'ID3D11VideoContext': base class undefined
c:\program files (x86)\windows kits\10\include\10.0.17763.0\um\d3d11_1.h(2652): error C2061: syntax error: identifier 'ID3D11VideoDecoder'
c:\program files (x86)\windows kits\10\include\10.0.17763.0\um\d3d11_1.h(2660): error C2061: syntax error: identifier 'ID3D11CryptoSession'
c:\program files (x86)\windows kits\10\include\10.0.17763.0\um\d3d11_1.h(2670): error C2061: syntax error: identifier 'ID3D11CryptoSession'
c:\program files (x86)\windows kits\10\include\10.0.17763.0\um\d3d11_1.h(2676): error C2061: syntax error: identifier 'ID3D11VideoDecoder'
c:\program files (x86)\windows kits\10\include\10.0.17763.0\um\d3d11_1.h(2686): error C2061: syntax error: identifier 'ID3D11VideoDecoder'
c:\program files (x86)\windows kits\10\include\10.0.17763.0\um\d3d11_1.h(2692): error C2061: syntax error: identifier 'ID3D11VideoProcessor'
c:\program files (x86)\windows kits\10\include\10.0.17763.0\um\d3d11_1.h(2698): error C2061: syntax error: identifier 'ID3D11VideoProcessor'
c:\program files (x86)\windows kits\10\include\10.0.17763.0\um\d3d11_1.h(2704): error C2061: syntax error: identifier 'ID3D11VideoProcessor'
c:\program files (x86)\windows kits\10\include\10.0.17763.0\um\d3d11_1.h(2710): error C2061: syntax error: identifier 'ID3D11VideoProcessor'
c:\program files (x86)\windows kits\10\include\10.0.17763.0\um\d3d11_1.h(2716): error C2061: syntax error: identifier 'ID3D11VideoProcessor'
c:\program files (x86)\windows kits\10\include\10.0.17763.0\um\d3d11_1.h(2724): error C2061: syntax error: identifier 'ID3D11VideoProcessor'
c:\program files (x86)\windows kits\10\include\10.0.17763.0\um\d3d11_1.h(2736): error C2061: syntax error: identifier 'ID3D11VideoProcessor'
c:\program files (x86)\windows kits\10\include\10.0.17763.0\um\d3d11_1.h(2744): error C2061: syntax error: identifier 'ID3D11VideoProcessor'
c:\program files (x86)\windows kits\10\include\10.0.17763.0\um\d3d11_1.h(2756): error C2061: syntax error: identifier 'ID3D11VideoProcessor'
c:\program files (x86)\windows kits\10\include\10.0.17763.0\um\d3d11_1.h(3844): error C2504: 'ID3D11VideoDevice': base class undefined
c:\program files (x86)\windows kits\10\include\10.0.17763.0\um\d3d11_1.h(3876): error C4430: missing type specifier - int assumed. Note: C++ does not support default-int
c:\program files (x86)\windows kits\10\include\10.0.17763.0\um\d3d11_1.h(3876): error C2143: syntax error: missing ',' before '*'
c:\program files (x86)\windows kits\10\include\10.0.17763.0\um\d3d11_1.h(3892): error C4430: missing type specifier - int assumed. Note: C++ does not support default-int
c:\program files (x86)\windows kits\10\include\10.0.17763.0\um\d3d11_1.h(3892): error C2143: syntax error: missing ',' before '*'
c:\program files (x86)\windows kits\10\include\10.0.17763.0\um\d3d11_1.h(4239): error C2504: 'ID3D11VideoProcessorEnumerator': base class undefined
c:\program files (x86)\windows kits\10\include\10.0.17763.0\um\d3d11_1.h(4245): error C2061: syntax error: identifier 'DXGI_COLOR_SPACE_TYPE'
c:\users\jacob.kostenick\source\repos\gpu-pro-books-source-code\gpu-pro-4\04_shadows\01_real-time deep shadow maps\deepshadowmaps\core\effects11\effectload.cpp(14): fatal error C1083: Cannot open include file: 'EffectStates11.h': No such file or directory
  EffectAPI.cpp
c:\program files (x86)\microsoft directx sdk (june 2010)\include\dxgitype.h(12): warning C4005: 'DXGI_STATUS_OCCLUDED': macro redefinition
  c:\program files (x86)\windows kits\10\include\10.0.17763.0\shared\winerror.h(55460): note: see previous definition of 'DXGI_STATUS_OCCLUDED'
c:\program files (x86)\microsoft directx sdk (june 2010)\include\dxgitype.h(13): warning C4005: 'DXGI_STATUS_CLIPPED': macro redefinition
  c:\program files (x86)\windows kits\10\include\10.0.17763.0\shared\winerror.h(55469): note: see previous definition of 'DXGI_STATUS_CLIPPED'
c:\program files (x86)\microsoft directx sdk (june 2010)\include\dxgitype.h(14): warning C4005: 'DXGI_STATUS_NO_REDIRECTION': macro redefinition
  c:\program files (x86)\windows kits\10\include\10.0.17763.0\shared\winerror.h(55478): note: see previous definition of 'DXGI_STATUS_NO_REDIRECTION'
c:\program files (x86)\microsoft directx sdk (june 2010)\include\dxgitype.h(15): warning C4005: 'DXGI_STATUS_NO_DESKTOP_ACCESS': macro redefinition
  c:\program files (x86)\windows kits\10\include\10.0.17763.0\shared\winerror.h(55487): note: see previous definition of 'DXGI_STATUS_NO_DESKTOP_ACCESS'
c:\program files (x86)\microsoft directx sdk (june 2010)\include\dxgitype.h(16): warning C4005: 'DXGI_STATUS_GRAPHICS_VIDPN_SOURCE_IN_USE': macro redefinition
  c:\program files (x86)\windows kits\10\include\10.0.17763.0\shared\winerror.h(55496): note: see previous definition of 'DXGI_STATUS_GRAPHICS_VIDPN_SOURCE_IN_USE'
c:\program files (x86)\microsoft directx sdk (june 2010)\include\dxgitype.h(17): warning C4005: 'DXGI_STATUS_MODE_CHANGED': macro redefinition
  c:\program files (x86)\windows kits\10\include\10.0.17763.0\shared\winerror.h(55505): note: see previous definition of 'DXGI_STATUS_MODE_CHANGED'
c:\program files (x86)\microsoft directx sdk (june 2010)\include\dxgitype.h(18): warning C4005: 'DXGI_STATUS_MODE_CHANGE_IN_PROGRESS': macro redefinition
  c:\program files (x86)\windows kits\10\include\10.0.17763.0\shared\winerror.h(55514): note: see previous definition of 'DXGI_STATUS_MODE_CHANGE_IN_PROGRESS'
c:\program files (x86)\microsoft directx sdk (june 2010)\include\dxgitype.h(21): warning C4005: 'DXGI_ERROR_INVALID_CALL': macro redefinition
  c:\program files (x86)\windows kits\10\include\10.0.17763.0\shared\winerror.h(55529): note: see previous definition of 'DXGI_ERROR_INVALID_CALL'
c:\program files (x86)\microsoft directx sdk (june 2010)\include\dxgitype.h(22): warning C4005: 'DXGI_ERROR_NOT_FOUND': macro redefinition
  c:\program files (x86)\windows kits\10\include\10.0.17763.0\shared\winerror.h(55538): note: see previous definition of 'DXGI_ERROR_NOT_FOUND'
c:\program files (x86)\microsoft directx sdk (june 2010)\include\dxgitype.h(23): warning C4005: 'DXGI_ERROR_MORE_DATA': macro redefinition
  c:\program files (x86)\windows kits\10\include\10.0.17763.0\shared\winerror.h(55547): note: see previous definition of 'DXGI_ERROR_MORE_DATA'
c:\program files (x86)\microsoft directx sdk (june 2010)\include\dxgitype.h(24): warning C4005: 'DXGI_ERROR_UNSUPPORTED': macro redefinition
  c:\program files (x86)\windows kits\10\include\10.0.17763.0\shared\winerror.h(55556): note: see previous definition of 'DXGI_ERROR_UNSUPPORTED'
c:\program files (x86)\microsoft directx sdk (june 2010)\include\dxgitype.h(25): warning C4005: 'DXGI_ERROR_DEVICE_REMOVED': macro redefinition
  c:\program files (x86)\windows kits\10\include\10.0.17763.0\shared\winerror.h(55565): note: see previous definition of 'DXGI_ERROR_DEVICE_REMOVED'
c:\program files (x86)\microsoft directx sdk (june 2010)\include\dxgitype.h(26): warning C4005: 'DXGI_ERROR_DEVICE_HUNG': macro redefinition
  c:\program files (x86)\windows kits\10\include\10.0.17763.0\shared\winerror.h(55574): note: see previous definition of 'DXGI_ERROR_DEVICE_HUNG'
c:\program files (x86)\microsoft directx sdk (june 2010)\include\dxgitype.h(27): warning C4005: 'DXGI_ERROR_DEVICE_RESET': macro redefinition
  c:\program files (x86)\windows kits\10\include\10.0.17763.0\shared\winerror.h(55584): note: see previous definition of 'DXGI_ERROR_DEVICE_RESET'
c:\program files (x86)\microsoft directx sdk (june 2010)\include\dxgitype.h(28): warning C4005: 'DXGI_ERROR_WAS_STILL_DRAWING': macro redefinition
  c:\program files (x86)\windows kits\10\include\10.0.17763.0\shared\winerror.h(55593): note: see previous definition of 'DXGI_ERROR_WAS_STILL_DRAWING'
c:\program files (x86)\microsoft directx sdk (june 2010)\include\dxgitype.h(29): warning C4005: 'DXGI_ERROR_FRAME_STATISTICS_DISJOINT': macro redefinition
  c:\program files (x86)\windows kits\10\include\10.0.17763.0\shared\winerror.h(55603): note: see previous definition of 'DXGI_ERROR_FRAME_STATISTICS_DISJOINT'
c:\program files (x86)\microsoft directx sdk (june 2010)\include\dxgitype.h(30): warning C4005: 'DXGI_ERROR_GRAPHICS_VIDPN_SOURCE_IN_USE': macro redefinition
  c:\program files (x86)\windows kits\10\include\10.0.17763.0\shared\winerror.h(55612): note: see previous definition of 'DXGI_ERROR_GRAPHICS_VIDPN_SOURCE_IN_USE'
c:\program files (x86)\microsoft directx sdk (june 2010)\include\dxgitype.h(31): warning C4005: 'DXGI_ERROR_DRIVER_INTERNAL_ERROR': macro redefinition
  c:\program files (x86)\windows kits\10\include\10.0.17763.0\shared\winerror.h(55622): note: see previous definition of 'DXGI_ERROR_DRIVER_INTERNAL_ERROR'
c:\program files (x86)\microsoft directx sdk (june 2010)\include\dxgitype.h(32): warning C4005: 'DXGI_ERROR_NONEXCLUSIVE': macro redefinition
  c:\program files (x86)\windows kits\10\include\10.0.17763.0\shared\winerror.h(55631): note: see previous definition of 'DXGI_ERROR_NONEXCLUSIVE'
c:\program files (x86)\microsoft directx sdk (june 2010)\include\dxgitype.h(33): warning C4005: 'DXGI_ERROR_NOT_CURRENTLY_AVAILABLE': macro redefinition
  c:\program files (x86)\windows kits\10\include\10.0.17763.0\shared\winerror.h(55640): note: see previous definition of 'DXGI_ERROR_NOT_CURRENTLY_AVAILABLE'
c:\program files (x86)\microsoft directx sdk (june 2010)\include\dxgitype.h(34): warning C4005: 'DXGI_ERROR_REMOTE_CLIENT_DISCONNECTED': macro redefinition
  c:\program files (x86)\windows kits\10\include\10.0.17763.0\shared\winerror.h(55650): note: see previous definition of 'DXGI_ERROR_REMOTE_CLIENT_DISCONNECTED'
c:\program files (x86)\microsoft directx sdk (june 2010)\include\dxgitype.h(35): warning C4005: 'DXGI_ERROR_REMOTE_OUTOFMEMORY': macro redefinition
  c:\program files (x86)\windows kits\10\include\10.0.17763.0\shared\winerror.h(55659): note: see previous definition of 'DXGI_ERROR_REMOTE_OUTOFMEMORY'
c:\program files (x86)\microsoft directx sdk (june 2010)\include\d3d11.h(917): warning C4005: 'D3D11_ERROR_TOO_MANY_UNIQUE_STATE_OBJECTS': macro redefinition
  c:\program files (x86)\windows kits\10\include\10.0.17763.0\shared\winerror.h(55923): note: see previous definition of 'D3D11_ERROR_TOO_MANY_UNIQUE_STATE_OBJECTS'
c:\program files (x86)\microsoft directx sdk (june 2010)\include\d3d11.h(918): warning C4005: 'D3D11_ERROR_FILE_NOT_FOUND': macro redefinition
  c:\program files (x86)\windows kits\10\include\10.0.17763.0\shared\winerror.h(55932): note: see previous definition of 'D3D11_ERROR_FILE_NOT_FOUND'
c:\program files (x86)\microsoft directx sdk (june 2010)\include\d3d11.h(919): warning C4005: 'D3D11_ERROR_TOO_MANY_UNIQUE_VIEW_OBJECTS': macro redefinition
  c:\program files (x86)\windows kits\10\include\10.0.17763.0\shared\winerror.h(55942): note: see previous definition of 'D3D11_ERROR_TOO_MANY_UNIQUE_VIEW_OBJECTS'
c:\program files (x86)\microsoft directx sdk (june 2010)\include\d3d11.h(920): warning C4005: 'D3D11_ERROR_DEFERRED_CONTEXT_MAP_WITHOUT_INITIAL_DISCARD': macro redefinition
  c:\program files (x86)\windows kits\10\include\10.0.17763.0\shared\winerror.h(55951): note: see previous definition of 'D3D11_ERROR_DEFERRED_CONTEXT_MAP_WITHOUT_INITIAL_DISCARD'
c:\program files (x86)\microsoft directx sdk (june 2010)\include\d3d10.h(608): warning C4005: 'D3D10_ERROR_TOO_MANY_UNIQUE_STATE_OBJECTS': macro redefinition
  c:\program files (x86)\windows kits\10\include\10.0.17763.0\shared\winerror.h(55899): note: see previous definition of 'D3D10_ERROR_TOO_MANY_UNIQUE_STATE_OBJECTS'
c:\program files (x86)\microsoft directx sdk (june 2010)\include\d3d10.h(609): warning C4005: 'D3D10_ERROR_FILE_NOT_FOUND': macro redefinition
  c:\program files (x86)\windows kits\10\include\10.0.17763.0\shared\winerror.h(55908): note: see previous definition of 'D3D10_ERROR_FILE_NOT_FOUND'
c:\program files (x86)\windows kits\10\include\10.0.17763.0\shared\dxgi1_2.h(1270): error C4430: missing type specifier - int assumed. Note: C++ does not support default-int
c:\program files (x86)\windows kits\10\include\10.0.17763.0\shared\dxgi1_2.h(1270): error C2143: syntax error: missing ',' before '*'
c:\program files (x86)\windows kits\10\include\10.0.17763.0\shared\dxgi1_2.h(1274): error C2061: syntax error: identifier 'DXGI_RGBA'
c:\program files (x86)\windows kits\10\include\10.0.17763.0\um\d3d11_1.h(2539): error C3646: 'BufferType': unknown override specifier
c:\program files (x86)\windows kits\10\include\10.0.17763.0\um\d3d11_1.h(2539): error C4430: missing type specifier - int assumed. Note: C++ does not support default-int
c:\program files (x86)\windows kits\10\include\10.0.17763.0\um\d3d11_1.h(2552): error C2143: syntax error: missing ';' before '*'
c:\program files (x86)\windows kits\10\include\10.0.17763.0\um\d3d11_1.h(2552): error C4430: missing type specifier - int assumed. Note: C++ does not support default-int
c:\program files (x86)\windows kits\10\include\10.0.17763.0\um\d3d11_1.h(2552): error C2238: unexpected token(s) preceding ';'
c:\program files (x86)\windows kits\10\include\10.0.17763.0\um\d3d11_1.h(2627): error C3646: 'ColorSpace': unknown override specifier
c:\program files (x86)\windows kits\10\include\10.0.17763.0\um\d3d11_1.h(2627): error C4430: missing type specifier - int assumed. Note: C++ does not support default-int
c:\program files (x86)\windows kits\10\include\10.0.17763.0\um\d3d11_1.h(2648): error C2504: 'ID3D11VideoContext': base class undefined
c:\program files (x86)\windows kits\10\include\10.0.17763.0\um\d3d11_1.h(2652): error C2061: syntax error: identifier 'ID3D11VideoDecoder'
c:\program files (x86)\windows kits\10\include\10.0.17763.0\um\d3d11_1.h(2660): error C2061: syntax error: identifier 'ID3D11CryptoSession'
c:\program files (x86)\windows kits\10\include\10.0.17763.0\um\d3d11_1.h(2670): error C2061: syntax error: identifier 'ID3D11CryptoSession'
c:\program files (x86)\windows kits\10\include\10.0.17763.0\um\d3d11_1.h(2676): error C2061: syntax error: identifier 'ID3D11VideoDecoder'
c:\program files (x86)\windows kits\10\include\10.0.17763.0\um\d3d11_1.h(2686): error C2061: syntax error: identifier 'ID3D11VideoDecoder'
c:\program files (x86)\windows kits\10\include\10.0.17763.0\um\d3d11_1.h(2692): error C2061: syntax error: identifier 'ID3D11VideoProcessor'
c:\program files (x86)\windows kits\10\include\10.0.17763.0\um\d3d11_1.h(2698): error C2061: syntax error: identifier 'ID3D11VideoProcessor'
c:\program files (x86)\windows kits\10\include\10.0.17763.0\um\d3d11_1.h(2704): error C2061: syntax error: identifier 'ID3D11VideoProcessor'
c:\program files (x86)\windows kits\10\include\10.0.17763.0\um\d3d11_1.h(2710): error C2061: syntax error: identifier 'ID3D11VideoProcessor'
c:\program files (x86)\windows kits\10\include\10.0.17763.0\um\d3d11_1.h(2716): error C2061: syntax error: identifier 'ID3D11VideoProcessor'
c:\program files (x86)\windows kits\10\include\10.0.17763.0\um\d3d11_1.h(2724): error C2061: syntax error: identifier 'ID3D11VideoProcessor'
c:\program files (x86)\windows kits\10\include\10.0.17763.0\um\d3d11_1.h(2736): error C2061: syntax error: identifier 'ID3D11VideoProcessor'
c:\program files (x86)\windows kits\10\include\10.0.17763.0\um\d3d11_1.h(2744): error C2061: syntax error: identifier 'ID3D11VideoProcessor'
c:\program files (x86)\windows kits\10\include\10.0.17763.0\um\d3d11_1.h(2756): error C2061: syntax error: identifier 'ID3D11VideoProcessor'
c:\program files (x86)\windows kits\10\include\10.0.17763.0\um\d3d11_1.h(3844): error C2504: 'ID3D11VideoDevice': base class undefined
c:\program files (x86)\windows kits\10\include\10.0.17763.0\um\d3d11_1.h(3876): error C4430: missing type specifier - int assumed. Note: C++ does not support default-int
c:\program files (x86)\windows kits\10\include\10.0.17763.0\um\d3d11_1.h(3876): error C2143: syntax error: missing ',' before '*'
c:\program files (x86)\windows kits\10\include\10.0.17763.0\um\d3d11_1.h(3892): error C4430: missing type specifier - int assumed. Note: C++ does not support default-int
c:\program files (x86)\windows kits\10\include\10.0.17763.0\um\d3d11_1.h(3892): error C2143: syntax error: missing ',' before '*'
c:\program files (x86)\windows kits\10\include\10.0.17763.0\um\d3d11_1.h(4239): error C2504: 'ID3D11VideoProcessorEnumerator': base class undefined
c:\program files (x86)\windows kits\10\include\10.0.17763.0\um\d3d11_1.h(4245): error C2061: syntax error: identifier 'DXGI_COLOR_SPACE_TYPE'
  Generating Code...
