c:\users\jacob.kostenick\source\repos\gpu-pro-books-source-code\gpu-pro-4\04_shadows\01_real-time deep shadow maps\deepshadowmaps\x64\debug\vc141.pdb
c:\users\jacob.kostenick\source\repos\gpu-pro-books-source-code\gpu-pro-4\04_shadows\01_real-time deep shadow maps\deepshadowmaps\x64\debug\vc141.idb
c:\users\jacob.kostenick\source\repos\gpu-pro-books-source-code\gpu-pro-4\04_shadows\01_real-time deep shadow maps\deepshadowmaps\x64\debug\coreutils.obj
c:\users\jacob.kostenick\source\repos\gpu-pro-books-source-code\gpu-pro-4\04_shadows\01_real-time deep shadow maps\deepshadowmaps\x64\debug\corevector3.obj
c:\users\jacob.kostenick\source\repos\gpu-pro-books-source-code\gpu-pro-4\04_shadows\01_real-time deep shadow maps\deepshadowmaps\x64\debug\icorebase.obj
c:\users\jacob.kostenick\source\repos\gpu-pro-books-source-code\gpu-pro-4\04_shadows\01_real-time deep shadow maps\deepshadowmaps\x64\debug\dxut.obj
c:\users\jacob.kostenick\source\repos\gpu-pro-books-source-code\gpu-pro-4\04_shadows\01_real-time deep shadow maps\deepshadowmaps\x64\debug\dxutdevice11.obj
c:\users\jacob.kostenick\source\repos\gpu-pro-books-source-code\gpu-pro-4\04_shadows\01_real-time deep shadow maps\deepshadowmaps\x64\debug\dxutdevice9.obj
c:\users\jacob.kostenick\source\repos\gpu-pro-books-source-code\gpu-pro-4\04_shadows\01_real-time deep shadow maps\deepshadowmaps\x64\debug\dxutgui.obj
c:\users\jacob.kostenick\source\repos\gpu-pro-books-source-code\gpu-pro-4\04_shadows\01_real-time deep shadow maps\deepshadowmaps\x64\debug\dxutmisc.obj
c:\users\jacob.kostenick\source\repos\gpu-pro-books-source-code\gpu-pro-4\04_shadows\01_real-time deep shadow maps\deepshadowmaps\x64\debug\dxutres.obj
c:\users\jacob.kostenick\source\repos\gpu-pro-books-source-code\gpu-pro-4\04_shadows\01_real-time deep shadow maps\deepshadowmaps\x64\debug\dxutsettingsdlg.obj
c:\users\jacob.kostenick\source\repos\gpu-pro-books-source-code\gpu-pro-4\04_shadows\01_real-time deep shadow maps\deepshadowmaps\x64\debug\sdkmisc.obj
c:\users\jacob.kostenick\source\repos\gpu-pro-books-source-code\gpu-pro-4\04_shadows\01_real-time deep shadow maps\deepshadowmaps\x64\debug\deepshadowmap.obj
c:\users\jacob.kostenick\source\repos\gpu-pro-books-source-code\gpu-pro-4\04_shadows\01_real-time deep shadow maps\deepshadowmaps\x64\debug\effects.obj
c:\users\jacob.kostenick\source\repos\gpu-pro-books-source-code\gpu-pro-4\04_shadows\01_real-time deep shadow maps\deepshadowmaps\x64\debug\hairmodelloader.obj
c:\users\jacob.kostenick\source\repos\gpu-pro-books-source-code\gpu-pro-4\04_shadows\01_real-time deep shadow maps\deepshadowmaps\x64\debug\includehandler.obj
c:\users\jacob.kostenick\source\repos\gpu-pro-books-source-code\gpu-pro-4\04_shadows\01_real-time deep shadow maps\deepshadowmaps\x64\debug\main.obj
c:\users\jacob.kostenick\source\repos\gpu-pro-books-source-code\gpu-pro-4\04_shadows\01_real-time deep shadow maps\deepshadowmaps\x64\debug\mainwindow.obj
c:\users\jacob.kostenick\source\repos\gpu-pro-books-source-code\gpu-pro-4\04_shadows\01_real-time deep shadow maps\deepshadowmaps\x64\debug\memoryleaktracker.obj
c:\users\jacob.kostenick\source\repos\gpu-pro-books-source-code\gpu-pro-4\04_shadows\01_real-time deep shadow maps\deepshadowmaps\x64\debug\model.obj
c:\users\jacob.kostenick\source\repos\gpu-pro-books-source-code\gpu-pro-4\04_shadows\01_real-time deep shadow maps\deepshadowmaps\x64\debug\xmodelloader.obj
c:\users\jacob.kostenick\source\repos\gpu-pro-books-source-code\gpu-pro-4\04_shadows\01_real-time deep shadow maps\deepshadowmaps\x64\debug\core.obj
c:\users\jacob.kostenick\source\repos\gpu-pro-books-source-code\gpu-pro-4\04_shadows\01_real-time deep shadow maps\deepshadowmaps\x64\debug\corecamera.obj
c:\users\jacob.kostenick\source\repos\gpu-pro-books-source-code\gpu-pro-4\04_shadows\01_real-time deep shadow maps\deepshadowmaps\x64\debug\corecolor.obj
c:\users\jacob.kostenick\source\repos\gpu-pro-books-source-code\gpu-pro-4\04_shadows\01_real-time deep shadow maps\deepshadowmaps\x64\debug\corelog.obj
c:\users\jacob.kostenick\source\repos\gpu-pro-books-source-code\gpu-pro-4\04_shadows\01_real-time deep shadow maps\deepshadowmaps\x64\debug\corematrix4x4.obj
c:\users\jacob.kostenick\source\repos\gpu-pro-books-source-code\gpu-pro-4\04_shadows\01_real-time deep shadow maps\deepshadowmaps\x64\debug\coreplane.obj
c:\users\jacob.kostenick\source\repos\gpu-pro-books-source-code\gpu-pro-4\04_shadows\01_real-time deep shadow maps\deepshadowmaps\x64\debug\corequaternion.obj
c:\users\jacob.kostenick\source\repos\gpu-pro-books-source-code\gpu-pro-4\04_shadows\01_real-time deep shadow maps\deepshadowmaps\x64\debug\coretexture1d.obj
c:\users\jacob.kostenick\source\repos\gpu-pro-books-source-code\gpu-pro-4\04_shadows\01_real-time deep shadow maps\deepshadowmaps\x64\debug\coretexture2d.obj
c:\users\jacob.kostenick\source\repos\gpu-pro-books-source-code\gpu-pro-4\04_shadows\01_real-time deep shadow maps\deepshadowmaps\x64\debug\coretexture3d.obj
c:\users\jacob.kostenick\source\repos\gpu-pro-books-source-code\gpu-pro-4\04_shadows\01_real-time deep shadow maps\deepshadowmaps\x64\debug\d3dx11dbg.obj
c:\users\jacob.kostenick\source\repos\gpu-pro-books-source-code\gpu-pro-4\04_shadows\01_real-time deep shadow maps\deepshadowmaps\x64\debug\effectapi.obj
c:\users\jacob.kostenick\source\repos\gpu-pro-books-source-code\gpu-pro-4\04_shadows\01_real-time deep shadow maps\deepshadowmaps\x64\debug\effectreflection.obj
c:\users\jacob.kostenick\source\repos\gpu-pro-books-source-code\gpu-pro-4\04_shadows\01_real-time deep shadow maps\deepshadowmaps\x64\debug\effectruntime.obj
c:\users\jacob.kostenick\source\repos\gpu-pro-books-source-code\gpu-pro-4\04_shadows\01_real-time deep shadow maps\deepshadowmaps\x64\debug\d3dxglobal.obj
c:\users\jacob.kostenick\source\repos\gpu-pro-books-source-code\gpu-pro-4\04_shadows\01_real-time deep shadow maps\deepshadowmaps\x64\debug\effectload.obj
c:\users\jacob.kostenick\source\repos\gpu-pro-books-source-code\gpu-pro-4\04_shadows\01_real-time deep shadow maps\deepshadowmaps\x64\debug\effectnonruntime.obj
c:\users\jacob.kostenick\source\repos\gpu-pro-books-source-code\gpu-pro-4\04_shadows\01_real-time deep shadow maps\deepshadowmaps\x64\debug\pngrutil.obj
c:\users\jacob.kostenick\source\repos\gpu-pro-books-source-code\gpu-pro-4\04_shadows\01_real-time deep shadow maps\deepshadowmaps\x64\debug\pngset.obj
c:\users\jacob.kostenick\source\repos\gpu-pro-books-source-code\gpu-pro-4\04_shadows\01_real-time deep shadow maps\deepshadowmaps\x64\debug\pngtrans.obj
c:\users\jacob.kostenick\source\repos\gpu-pro-books-source-code\gpu-pro-4\04_shadows\01_real-time deep shadow maps\deepshadowmaps\x64\debug\pngvcrd.obj
c:\users\jacob.kostenick\source\repos\gpu-pro-books-source-code\gpu-pro-4\04_shadows\01_real-time deep shadow maps\deepshadowmaps\x64\debug\pngwio.obj
c:\users\jacob.kostenick\source\repos\gpu-pro-books-source-code\gpu-pro-4\04_shadows\01_real-time deep shadow maps\deepshadowmaps\x64\debug\pngwrite.obj
c:\users\jacob.kostenick\source\repos\gpu-pro-books-source-code\gpu-pro-4\04_shadows\01_real-time deep shadow maps\deepshadowmaps\x64\debug\pngwtran.obj
c:\users\jacob.kostenick\source\repos\gpu-pro-books-source-code\gpu-pro-4\04_shadows\01_real-time deep shadow maps\deepshadowmaps\x64\debug\pngwutil.obj
c:\users\jacob.kostenick\source\repos\gpu-pro-books-source-code\gpu-pro-4\04_shadows\01_real-time deep shadow maps\deepshadowmaps\x64\debug\adler32.obj
c:\users\jacob.kostenick\source\repos\gpu-pro-books-source-code\gpu-pro-4\04_shadows\01_real-time deep shadow maps\deepshadowmaps\x64\debug\compress.obj
c:\users\jacob.kostenick\source\repos\gpu-pro-books-source-code\gpu-pro-4\04_shadows\01_real-time deep shadow maps\deepshadowmaps\x64\debug\crc32.obj
c:\users\jacob.kostenick\source\repos\gpu-pro-books-source-code\gpu-pro-4\04_shadows\01_real-time deep shadow maps\deepshadowmaps\x64\debug\deflate.obj
c:\users\jacob.kostenick\source\repos\gpu-pro-books-source-code\gpu-pro-4\04_shadows\01_real-time deep shadow maps\deepshadowmaps\x64\debug\gzio.obj
c:\users\jacob.kostenick\source\repos\gpu-pro-books-source-code\gpu-pro-4\04_shadows\01_real-time deep shadow maps\deepshadowmaps\x64\debug\infback.obj
c:\users\jacob.kostenick\source\repos\gpu-pro-books-source-code\gpu-pro-4\04_shadows\01_real-time deep shadow maps\deepshadowmaps\x64\debug\inffast.obj
c:\users\jacob.kostenick\source\repos\gpu-pro-books-source-code\gpu-pro-4\04_shadows\01_real-time deep shadow maps\deepshadowmaps\x64\debug\inflate.obj
c:\users\jacob.kostenick\source\repos\gpu-pro-books-source-code\gpu-pro-4\04_shadows\01_real-time deep shadow maps\deepshadowmaps\x64\debug\inftrees.obj
c:\users\jacob.kostenick\source\repos\gpu-pro-books-source-code\gpu-pro-4\04_shadows\01_real-time deep shadow maps\deepshadowmaps\x64\debug\trees.obj
c:\users\jacob.kostenick\source\repos\gpu-pro-books-source-code\gpu-pro-4\04_shadows\01_real-time deep shadow maps\deepshadowmaps\x64\debug\uncompr.obj
c:\users\jacob.kostenick\source\repos\gpu-pro-books-source-code\gpu-pro-4\04_shadows\01_real-time deep shadow maps\deepshadowmaps\x64\debug\zutil.obj
c:\users\jacob.kostenick\source\repos\gpu-pro-books-source-code\gpu-pro-4\04_shadows\01_real-time deep shadow maps\deepshadowmaps\x64\debug\jfdctint.obj
c:\users\jacob.kostenick\source\repos\gpu-pro-books-source-code\gpu-pro-4\04_shadows\01_real-time deep shadow maps\deepshadowmaps\x64\debug\jidctflt.obj
c:\users\jacob.kostenick\source\repos\gpu-pro-books-source-code\gpu-pro-4\04_shadows\01_real-time deep shadow maps\deepshadowmaps\x64\debug\jidctfst.obj
c:\users\jacob.kostenick\source\repos\gpu-pro-books-source-code\gpu-pro-4\04_shadows\01_real-time deep shadow maps\deepshadowmaps\x64\debug\jidctint.obj
c:\users\jacob.kostenick\source\repos\gpu-pro-books-source-code\gpu-pro-4\04_shadows\01_real-time deep shadow maps\deepshadowmaps\x64\debug\jidctred.obj
c:\users\jacob.kostenick\source\repos\gpu-pro-books-source-code\gpu-pro-4\04_shadows\01_real-time deep shadow maps\deepshadowmaps\x64\debug\jmemmgr.obj
c:\users\jacob.kostenick\source\repos\gpu-pro-books-source-code\gpu-pro-4\04_shadows\01_real-time deep shadow maps\deepshadowmaps\x64\debug\jmemnobs.obj
c:\users\jacob.kostenick\source\repos\gpu-pro-books-source-code\gpu-pro-4\04_shadows\01_real-time deep shadow maps\deepshadowmaps\x64\debug\jquant1.obj
c:\users\jacob.kostenick\source\repos\gpu-pro-books-source-code\gpu-pro-4\04_shadows\01_real-time deep shadow maps\deepshadowmaps\x64\debug\jquant2.obj
c:\users\jacob.kostenick\source\repos\gpu-pro-books-source-code\gpu-pro-4\04_shadows\01_real-time deep shadow maps\deepshadowmaps\x64\debug\jutils.obj
c:\users\jacob.kostenick\source\repos\gpu-pro-books-source-code\gpu-pro-4\04_shadows\01_real-time deep shadow maps\deepshadowmaps\x64\debug\transupp.obj
c:\users\jacob.kostenick\source\repos\gpu-pro-books-source-code\gpu-pro-4\04_shadows\01_real-time deep shadow maps\deepshadowmaps\x64\debug\png.obj
c:\users\jacob.kostenick\source\repos\gpu-pro-books-source-code\gpu-pro-4\04_shadows\01_real-time deep shadow maps\deepshadowmaps\x64\debug\pngerror.obj
c:\users\jacob.kostenick\source\repos\gpu-pro-books-source-code\gpu-pro-4\04_shadows\01_real-time deep shadow maps\deepshadowmaps\x64\debug\pnggccrd.obj
c:\users\jacob.kostenick\source\repos\gpu-pro-books-source-code\gpu-pro-4\04_shadows\01_real-time deep shadow maps\deepshadowmaps\x64\debug\pngget.obj
c:\users\jacob.kostenick\source\repos\gpu-pro-books-source-code\gpu-pro-4\04_shadows\01_real-time deep shadow maps\deepshadowmaps\x64\debug\pngmem.obj
c:\users\jacob.kostenick\source\repos\gpu-pro-books-source-code\gpu-pro-4\04_shadows\01_real-time deep shadow maps\deepshadowmaps\x64\debug\pngpread.obj
c:\users\jacob.kostenick\source\repos\gpu-pro-books-source-code\gpu-pro-4\04_shadows\01_real-time deep shadow maps\deepshadowmaps\x64\debug\pngread.obj
c:\users\jacob.kostenick\source\repos\gpu-pro-books-source-code\gpu-pro-4\04_shadows\01_real-time deep shadow maps\deepshadowmaps\x64\debug\pngrio.obj
c:\users\jacob.kostenick\source\repos\gpu-pro-books-source-code\gpu-pro-4\04_shadows\01_real-time deep shadow maps\deepshadowmaps\x64\debug\pngrtran.obj
c:\users\jacob.kostenick\source\repos\gpu-pro-books-source-code\gpu-pro-4\04_shadows\01_real-time deep shadow maps\deepshadowmaps\x64\debug\jdapimin.obj
c:\users\jacob.kostenick\source\repos\gpu-pro-books-source-code\gpu-pro-4\04_shadows\01_real-time deep shadow maps\deepshadowmaps\x64\debug\jdapistd.obj
c:\users\jacob.kostenick\source\repos\gpu-pro-books-source-code\gpu-pro-4\04_shadows\01_real-time deep shadow maps\deepshadowmaps\x64\debug\jdatadst.obj
c:\users\jacob.kostenick\source\repos\gpu-pro-books-source-code\gpu-pro-4\04_shadows\01_real-time deep shadow maps\deepshadowmaps\x64\debug\jdatasrc.obj
c:\users\jacob.kostenick\source\repos\gpu-pro-books-source-code\gpu-pro-4\04_shadows\01_real-time deep shadow maps\deepshadowmaps\x64\debug\jdcoefct.obj
c:\users\jacob.kostenick\source\repos\gpu-pro-books-source-code\gpu-pro-4\04_shadows\01_real-time deep shadow maps\deepshadowmaps\x64\debug\jdcolor.obj
c:\users\jacob.kostenick\source\repos\gpu-pro-books-source-code\gpu-pro-4\04_shadows\01_real-time deep shadow maps\deepshadowmaps\x64\debug\jddctmgr.obj
c:\users\jacob.kostenick\source\repos\gpu-pro-books-source-code\gpu-pro-4\04_shadows\01_real-time deep shadow maps\deepshadowmaps\x64\debug\jdhuff.obj
c:\users\jacob.kostenick\source\repos\gpu-pro-books-source-code\gpu-pro-4\04_shadows\01_real-time deep shadow maps\deepshadowmaps\x64\debug\jdinput.obj
c:\users\jacob.kostenick\source\repos\gpu-pro-books-source-code\gpu-pro-4\04_shadows\01_real-time deep shadow maps\deepshadowmaps\x64\debug\jdmainct.obj
c:\users\jacob.kostenick\source\repos\gpu-pro-books-source-code\gpu-pro-4\04_shadows\01_real-time deep shadow maps\deepshadowmaps\x64\debug\jdmarker.obj
c:\users\jacob.kostenick\source\repos\gpu-pro-books-source-code\gpu-pro-4\04_shadows\01_real-time deep shadow maps\deepshadowmaps\x64\debug\jdmaster.obj
c:\users\jacob.kostenick\source\repos\gpu-pro-books-source-code\gpu-pro-4\04_shadows\01_real-time deep shadow maps\deepshadowmaps\x64\debug\jdmerge.obj
c:\users\jacob.kostenick\source\repos\gpu-pro-books-source-code\gpu-pro-4\04_shadows\01_real-time deep shadow maps\deepshadowmaps\x64\debug\jdphuff.obj
c:\users\jacob.kostenick\source\repos\gpu-pro-books-source-code\gpu-pro-4\04_shadows\01_real-time deep shadow maps\deepshadowmaps\x64\debug\jdpostct.obj
c:\users\jacob.kostenick\source\repos\gpu-pro-books-source-code\gpu-pro-4\04_shadows\01_real-time deep shadow maps\deepshadowmaps\x64\debug\jdsample.obj
c:\users\jacob.kostenick\source\repos\gpu-pro-books-source-code\gpu-pro-4\04_shadows\01_real-time deep shadow maps\deepshadowmaps\x64\debug\jdtrans.obj
c:\users\jacob.kostenick\source\repos\gpu-pro-books-source-code\gpu-pro-4\04_shadows\01_real-time deep shadow maps\deepshadowmaps\x64\debug\jerror.obj
c:\users\jacob.kostenick\source\repos\gpu-pro-books-source-code\gpu-pro-4\04_shadows\01_real-time deep shadow maps\deepshadowmaps\x64\debug\jfdctflt.obj
c:\users\jacob.kostenick\source\repos\gpu-pro-books-source-code\gpu-pro-4\04_shadows\01_real-time deep shadow maps\deepshadowmaps\x64\debug\jfdctfst.obj
c:\users\jacob.kostenick\source\repos\gpu-pro-books-source-code\gpu-pro-4\04_shadows\01_real-time deep shadow maps\deepshadowmaps\x64\debug\jcapimin.obj
c:\users\jacob.kostenick\source\repos\gpu-pro-books-source-code\gpu-pro-4\04_shadows\01_real-time deep shadow maps\deepshadowmaps\x64\debug\jcapistd.obj
c:\users\jacob.kostenick\source\repos\gpu-pro-books-source-code\gpu-pro-4\04_shadows\01_real-time deep shadow maps\deepshadowmaps\x64\debug\jccoefct.obj
c:\users\jacob.kostenick\source\repos\gpu-pro-books-source-code\gpu-pro-4\04_shadows\01_real-time deep shadow maps\deepshadowmaps\x64\debug\jccolor.obj
c:\users\jacob.kostenick\source\repos\gpu-pro-books-source-code\gpu-pro-4\04_shadows\01_real-time deep shadow maps\deepshadowmaps\x64\debug\jcdctmgr.obj
c:\users\jacob.kostenick\source\repos\gpu-pro-books-source-code\gpu-pro-4\04_shadows\01_real-time deep shadow maps\deepshadowmaps\x64\debug\jchuff.obj
c:\users\jacob.kostenick\source\repos\gpu-pro-books-source-code\gpu-pro-4\04_shadows\01_real-time deep shadow maps\deepshadowmaps\x64\debug\jcinit.obj
c:\users\jacob.kostenick\source\repos\gpu-pro-books-source-code\gpu-pro-4\04_shadows\01_real-time deep shadow maps\deepshadowmaps\x64\debug\jcmainct.obj
c:\users\jacob.kostenick\source\repos\gpu-pro-books-source-code\gpu-pro-4\04_shadows\01_real-time deep shadow maps\deepshadowmaps\x64\debug\jcmarker.obj
c:\users\jacob.kostenick\source\repos\gpu-pro-books-source-code\gpu-pro-4\04_shadows\01_real-time deep shadow maps\deepshadowmaps\x64\debug\jcmaster.obj
c:\users\jacob.kostenick\source\repos\gpu-pro-books-source-code\gpu-pro-4\04_shadows\01_real-time deep shadow maps\deepshadowmaps\x64\debug\jcomapi.obj
c:\users\jacob.kostenick\source\repos\gpu-pro-books-source-code\gpu-pro-4\04_shadows\01_real-time deep shadow maps\deepshadowmaps\x64\debug\jcparam.obj
c:\users\jacob.kostenick\source\repos\gpu-pro-books-source-code\gpu-pro-4\04_shadows\01_real-time deep shadow maps\deepshadowmaps\x64\debug\jcphuff.obj
c:\users\jacob.kostenick\source\repos\gpu-pro-books-source-code\gpu-pro-4\04_shadows\01_real-time deep shadow maps\deepshadowmaps\x64\debug\jcprepct.obj
c:\users\jacob.kostenick\source\repos\gpu-pro-books-source-code\gpu-pro-4\04_shadows\01_real-time deep shadow maps\deepshadowmaps\x64\debug\jcsample.obj
c:\users\jacob.kostenick\source\repos\gpu-pro-books-source-code\gpu-pro-4\04_shadows\01_real-time deep shadow maps\deepshadowmaps\x64\debug\jctrans.obj
c:\users\jacob.kostenick\source\repos\gpu-pro-books-source-code\gpu-pro-4\04_shadows\01_real-time deep shadow maps\x64\debug\deepshadowmaps.pdb
c:\users\jacob.kostenick\source\repos\gpu-pro-books-source-code\gpu-pro-4\04_shadows\01_real-time deep shadow maps\deepshadowmaps\x64\debug\deepshadowmaps.tlog\cl.command.1.tlog
c:\users\jacob.kostenick\source\repos\gpu-pro-books-source-code\gpu-pro-4\04_shadows\01_real-time deep shadow maps\deepshadowmaps\x64\debug\deepshadowmaps.tlog\cl.read.1.tlog
c:\users\jacob.kostenick\source\repos\gpu-pro-books-source-code\gpu-pro-4\04_shadows\01_real-time deep shadow maps\deepshadowmaps\x64\debug\deepshadowmaps.tlog\cl.write.1.tlog
c:\users\jacob.kostenick\source\repos\gpu-pro-books-source-code\gpu-pro-4\04_shadows\01_real-time deep shadow maps\deepshadowmaps\x64\debug\deepshadowmaps.tlog\link-cvtres.read.1.tlog
c:\users\jacob.kostenick\source\repos\gpu-pro-books-source-code\gpu-pro-4\04_shadows\01_real-time deep shadow maps\deepshadowmaps\x64\debug\deepshadowmaps.tlog\link-cvtres.write.1.tlog
c:\users\jacob.kostenick\source\repos\gpu-pro-books-source-code\gpu-pro-4\04_shadows\01_real-time deep shadow maps\deepshadowmaps\x64\debug\deepshadowmaps.tlog\link-rc.read.1.tlog
c:\users\jacob.kostenick\source\repos\gpu-pro-books-source-code\gpu-pro-4\04_shadows\01_real-time deep shadow maps\deepshadowmaps\x64\debug\deepshadowmaps.tlog\link-rc.write.1.tlog
c:\users\jacob.kostenick\source\repos\gpu-pro-books-source-code\gpu-pro-4\04_shadows\01_real-time deep shadow maps\deepshadowmaps\x64\debug\deepshadowmaps.tlog\link.command.1.tlog
c:\users\jacob.kostenick\source\repos\gpu-pro-books-source-code\gpu-pro-4\04_shadows\01_real-time deep shadow maps\deepshadowmaps\x64\debug\deepshadowmaps.tlog\link.read.1.tlog
c:\users\jacob.kostenick\source\repos\gpu-pro-books-source-code\gpu-pro-4\04_shadows\01_real-time deep shadow maps\deepshadowmaps\x64\debug\deepshadowmaps.tlog\link.write.1.tlog
